<?xml version="1.0" encoding="UTF-8"?>
<!-- Generated by org.testng.reporters.JUnitXMLReporter -->
<testsuite ignored="0" hostname="Meo" failures="5" tests="19" name="Surefire test" time="502.705" errors="0" timestamp="2025-06-17T12:28:50 ICT">
  <testcase classname="assignment.RequestDemoTest" name="testForm" time="31.154"/>
  <testcase classname="assignment.RequestDemoTest" name="testForm" time="29.502"/>
  <testcase classname="assignment.RequestDemoTest" name="testForm" time="14.451"/>
  <testcase classname="assignment.RequestDemoTest" name="testForm" time="15.28"/>
  <testcase classname="assignment.RequestDemoTest" name="testForm" time="23.207"/>
  <testcase classname="assignment.RequestDemoTest" name="testForm" time="0.485"/>
  <testcase classname="assignment.RequestDemoTest" name="testForm" time="0.514"/>
  <testcase classname="assignment.RequestDemoTest" name="testForm" time="23.253"/>
  <testcase classname="assignment.RequestDemoTest" name="testForm" time="22.635"/>
  <testcase classname="assignment.RequestDemoTest" name="testForm" time="22.786"/>
  <testcase classname="assignment.RequestDemoTest" name="testForm" time="22.558"/>
  <testcase classname="assignment.RequestDemoTest" name="testForm" time="22.397"/>
  <testcase classname="assignment.RequestDemoTest" name="testForm" time="22.477"/>
  <testcase classname="assignment.RequestDemoTest" name="testForm" time="22.959"/>
  <testcase classname="assignment.RequestDemoTest" name="testForm" time="10.771">
    <failure type="java.lang.AssertionError" message="Form submitted or error message missing when it should have failed!">
      <![CDATA[java.lang.AssertionError: Form submitted or error message missing when it should have failed!
at assignment.RequestDemoTest.testForm(RequestDemoTest.java:165)
at java.base/java.util.ArrayList.forEach(ArrayList.java:1511)
... Removed 33 stack frames]]>
    </failure>
  </testcase> <!-- testForm -->
  <testcase classname="assignment.RequestDemoTest" name="testForm" time="21.672">
    <failure type="java.lang.AssertionError" message="Form submitted or error message missing when it should have failed!">
      <![CDATA[java.lang.AssertionError: Form submitted or error message missing when it should have failed!
at assignment.RequestDemoTest.testForm(RequestDemoTest.java:165)
at java.base/java.util.ArrayList.forEach(ArrayList.java:1511)
... Removed 33 stack frames]]>
    </failure>
  </testcase> <!-- testForm -->
  <testcase classname="assignment.RequestDemoTest" name="testForm" time="9.049">
    <failure type="java.lang.AssertionError" message="Form submitted or error message missing when it should have failed!">
      <![CDATA[java.lang.AssertionError: Form submitted or error message missing when it should have failed!
at assignment.RequestDemoTest.testForm(RequestDemoTest.java:165)
at java.base/java.util.ArrayList.forEach(ArrayList.java:1511)
... Removed 32 stack frames]]>
    </failure>
  </testcase> <!-- testForm -->
  <testcase classname="assignment.RequestDemoTest" name="testForm" time="22.768">
    <failure type="java.lang.AssertionError" message="Form submitted or error message missing when it should have failed!">
      <![CDATA[java.lang.AssertionError: Form submitted or error message missing when it should have failed!
at assignment.RequestDemoTest.testForm(RequestDemoTest.java:165)
at java.base/java.util.ArrayList.forEach(ArrayList.java:1511)
... Removed 32 stack frames]]>
    </failure>
  </testcase> <!-- testForm -->
  <testcase classname="assignment.RequestDemoTest" name="testForm" time="13.337">
    <failure type="java.lang.AssertionError" message="Form submitted or error message missing when it should have failed!">
      <![CDATA[java.lang.AssertionError: Form submitted or error message missing when it should have failed!
at assignment.RequestDemoTest.testForm(RequestDemoTest.java:165)
at java.base/java.util.ArrayList.forEach(ArrayList.java:1511)
... Removed 32 stack frames]]>
    </failure>
  </testcase> <!-- testForm -->
</testsuite> <!-- Surefire test -->
