<?xml version="1.0" encoding="UTF-8"?>
<testng-results ignored="0" total="29" passed="24" failed="5" skipped="0">
  <reporter-output>
  </reporter-output>
  <suite started-at="2025-06-16T22:12:00 ICT" name="Surefire suite" finished-at="2025-06-16T22:21:20 ICT" duration-ms="560219">
    <groups>
    </groups>
    <test started-at="2025-06-16T22:12:00 ICT" name="Surefire test" finished-at="2025-06-16T22:21:20 ICT" duration-ms="560219">
      <class name="feature.Day06.LoginMultiCaseTest">
        <test-method is-config="true" signature="setUp()[pri:0, instance:feature.Day06.LoginMultiCaseTest@670002]" started-at="2025-06-16T22:21:00 ICT" name="setUp" finished-at="2025-06-16T22:21:01 ICT" duration-ms="1120" status="PASS">
          <reporter-output>
          </reporter-output>
        </test-method> <!-- setUp -->
        <test-method signature="testLoginWithEmptyUsername()[pri:0, instance:feature.Day06.LoginMultiCaseTest@670002]" started-at="2025-06-16T22:21:01 ICT" name="testLoginWithEmptyUsername" finished-at="2025-06-16T22:21:03 ICT" duration-ms="1563" status="PASS">
          <reporter-output>
          </reporter-output>
        </test-method> <!-- testLoginWithEmptyUsername -->
        <test-method signature="testLoginWithInvalidPassword()[pri:0, instance:feature.Day06.LoginMultiCaseTest@670002]" started-at="2025-06-16T22:21:03 ICT" name="testLoginWithInvalidPassword" finished-at="2025-06-16T22:21:03 ICT" duration-ms="258" status="PASS">
          <reporter-output>
          </reporter-output>
        </test-method> <!-- testLoginWithInvalidPassword -->
        <test-method signature="testLoginWithInvalidUsername()[pri:0, instance:feature.Day06.LoginMultiCaseTest@670002]" started-at="2025-06-16T22:21:03 ICT" name="testLoginWithInvalidUsername" finished-at="2025-06-16T22:21:03 ICT" duration-ms="209" status="PASS">
          <reporter-output>
          </reporter-output>
        </test-method> <!-- testLoginWithInvalidUsername -->
        <test-method signature="testLoginWithValidCredentials()[pri:0, instance:feature.Day06.LoginMultiCaseTest@670002]" started-at="2025-06-16T22:21:03 ICT" name="testLoginWithValidCredentials" finished-at="2025-06-16T22:21:03 ICT" duration-ms="284" status="PASS">
          <reporter-output>
          </reporter-output>
        </test-method> <!-- testLoginWithValidCredentials -->
        <test-method is-config="true" signature="tearDown()[pri:0, instance:feature.Day06.LoginMultiCaseTest@670002]" started-at="2025-06-16T22:21:03 ICT" name="tearDown" finished-at="2025-06-16T22:21:04 ICT" duration-ms="155" status="PASS">
          <reporter-output>
          </reporter-output>
        </test-method> <!-- tearDown -->
      </class> <!-- feature.Day06.LoginMultiCaseTest -->
      <class name="feature.Day06.LoginTest">
        <test-method is-config="true" signature="setUp()[pri:0, instance:feature.Day06.LoginTest@49c386c8]" started-at="2025-06-16T22:21:18 ICT" name="setUp" finished-at="2025-06-16T22:21:19 ICT" duration-ms="1036" status="PASS">
          <reporter-output>
          </reporter-output>
        </test-method> <!-- setUp -->
        <test-method signature="testLoginSuccess()[pri:0, instance:feature.Day06.LoginTest@49c386c8]" started-at="2025-06-16T22:21:19 ICT" name="testLoginSuccess" finished-at="2025-06-16T22:21:20 ICT" duration-ms="1105" status="PASS">
          <reporter-output>
          </reporter-output>
        </test-method> <!-- testLoginSuccess -->
      </class> <!-- feature.Day06.LoginTest -->
      <class name="feature.Day06.LoginMultiCaseV2Test">
        <test-method is-config="true" signature="setUp()[pri:0, instance:feature.Day06.LoginMultiCaseV2Test@1f0f1111]" started-at="2025-06-16T22:21:04 ICT" name="setUp" finished-at="2025-06-16T22:21:06 ICT" duration-ms="2430" status="PASS">
          <reporter-output>
          </reporter-output>
        </test-method> <!-- setUp -->
        <test-method signature="testLoginFunctionality(java.lang.String,java.lang.String,java.lang.String,java.lang.String)[pri:0, instance:feature.Day06.LoginMultiCaseV2Test@1f0f1111]" started-at="2025-06-16T22:21:06 ICT" name="testLoginFunctionality" data-provider="loginData" finished-at="2025-06-16T22:21:06 ICT" duration-ms="342" status="PASS">
          <params>
            <param index="0">
              <value>
                <![CDATA[standard_user]]>
              </value>
            </param>
            <param index="1">
              <value>
                <![CDATA[secret_sauce]]>
              </value>
            </param>
            <param index="2">
              <value>
                <![CDATA[success]]>
              </value>
            </param>
            <param index="3">
              <value>
                <![CDATA[]]>
              </value>
            </param>
          </params>
          <reporter-output>
          </reporter-output>
        </test-method> <!-- testLoginFunctionality -->
        <test-method is-config="true" signature="tearDown()[pri:0, instance:feature.Day06.LoginMultiCaseV2Test@1f0f1111]" started-at="2025-06-16T22:21:06 ICT" name="tearDown" finished-at="2025-06-16T22:21:07 ICT" duration-ms="144" status="PASS">
          <reporter-output>
          </reporter-output>
        </test-method> <!-- tearDown -->
        <test-method is-config="true" signature="setUp()[pri:0, instance:feature.Day06.LoginMultiCaseV2Test@1f0f1111]" started-at="2025-06-16T22:21:07 ICT" name="setUp" finished-at="2025-06-16T22:21:09 ICT" duration-ms="2069" status="PASS">
          <reporter-output>
          </reporter-output>
        </test-method> <!-- setUp -->
        <test-method signature="testLoginFunctionality(java.lang.String,java.lang.String,java.lang.String,java.lang.String)[pri:0, instance:feature.Day06.LoginMultiCaseV2Test@1f0f1111]" started-at="2025-06-16T22:21:09 ICT" name="testLoginFunctionality" data-provider="loginData" finished-at="2025-06-16T22:21:09 ICT" duration-ms="320" status="PASS">
          <params>
            <param index="0">
              <value>
                <![CDATA[standard_user]]>
              </value>
            </param>
            <param index="1">
              <value>
                <![CDATA[invalid_pass]]>
              </value>
            </param>
            <param index="2">
              <value>
                <![CDATA[failure]]>
              </value>
            </param>
            <param index="3">
              <value>
                <![CDATA[Username and password do not match]]>
              </value>
            </param>
          </params>
          <reporter-output>
          </reporter-output>
        </test-method> <!-- testLoginFunctionality -->
        <test-method is-config="true" signature="tearDown()[pri:0, instance:feature.Day06.LoginMultiCaseV2Test@1f0f1111]" started-at="2025-06-16T22:21:09 ICT" name="tearDown" finished-at="2025-06-16T22:21:09 ICT" duration-ms="125" status="PASS">
          <reporter-output>
          </reporter-output>
        </test-method> <!-- tearDown -->
        <test-method is-config="true" signature="setUp()[pri:0, instance:feature.Day06.LoginMultiCaseV2Test@1f0f1111]" started-at="2025-06-16T22:21:09 ICT" name="setUp" finished-at="2025-06-16T22:21:11 ICT" duration-ms="2117" status="PASS">
          <reporter-output>
          </reporter-output>
        </test-method> <!-- setUp -->
        <test-method signature="testLoginFunctionality(java.lang.String,java.lang.String,java.lang.String,java.lang.String)[pri:0, instance:feature.Day06.LoginMultiCaseV2Test@1f0f1111]" started-at="2025-06-16T22:21:11 ICT" name="testLoginFunctionality" data-provider="loginData" finished-at="2025-06-16T22:21:11 ICT" duration-ms="278" status="PASS">
          <params>
            <param index="0">
              <value>
                <![CDATA[standard_user]]>
              </value>
            </param>
            <param index="1">
              <value>
                <![CDATA[]]>
              </value>
            </param>
            <param index="2">
              <value>
                <![CDATA[failure]]>
              </value>
            </param>
            <param index="3">
              <value>
                <![CDATA[Password is required]]>
              </value>
            </param>
          </params>
          <reporter-output>
          </reporter-output>
        </test-method> <!-- testLoginFunctionality -->
        <test-method is-config="true" signature="tearDown()[pri:0, instance:feature.Day06.LoginMultiCaseV2Test@1f0f1111]" started-at="2025-06-16T22:21:11 ICT" name="tearDown" finished-at="2025-06-16T22:21:12 ICT" duration-ms="170" status="PASS">
          <reporter-output>
          </reporter-output>
        </test-method> <!-- tearDown -->
        <test-method is-config="true" signature="setUp()[pri:0, instance:feature.Day06.LoginMultiCaseV2Test@1f0f1111]" started-at="2025-06-16T22:21:12 ICT" name="setUp" finished-at="2025-06-16T22:21:14 ICT" duration-ms="2853" status="PASS">
          <reporter-output>
          </reporter-output>
        </test-method> <!-- setUp -->
        <test-method signature="testLoginFunctionality(java.lang.String,java.lang.String,java.lang.String,java.lang.String)[pri:0, instance:feature.Day06.LoginMultiCaseV2Test@1f0f1111]" started-at="2025-06-16T22:21:14 ICT" name="testLoginFunctionality" data-provider="loginData" finished-at="2025-06-16T22:21:15 ICT" duration-ms="294" status="PASS">
          <params>
            <param index="0">
              <value>
                <![CDATA[invalid_user]]>
              </value>
            </param>
            <param index="1">
              <value>
                <![CDATA[secret_sauce]]>
              </value>
            </param>
            <param index="2">
              <value>
                <![CDATA[failure]]>
              </value>
            </param>
            <param index="3">
              <value>
                <![CDATA[Username and password do not match]]>
              </value>
            </param>
          </params>
          <reporter-output>
          </reporter-output>
        </test-method> <!-- testLoginFunctionality -->
        <test-method is-config="true" signature="tearDown()[pri:0, instance:feature.Day06.LoginMultiCaseV2Test@1f0f1111]" started-at="2025-06-16T22:21:15 ICT" name="tearDown" finished-at="2025-06-16T22:21:15 ICT" duration-ms="129" status="PASS">
          <reporter-output>
          </reporter-output>
        </test-method> <!-- tearDown -->
        <test-method is-config="true" signature="setUp()[pri:0, instance:feature.Day06.LoginMultiCaseV2Test@1f0f1111]" started-at="2025-06-16T22:21:15 ICT" name="setUp" finished-at="2025-06-16T22:21:18 ICT" duration-ms="2947" status="PASS">
          <reporter-output>
          </reporter-output>
        </test-method> <!-- setUp -->
        <test-method signature="testLoginFunctionality(java.lang.String,java.lang.String,java.lang.String,java.lang.String)[pri:0, instance:feature.Day06.LoginMultiCaseV2Test@1f0f1111]" started-at="2025-06-16T22:21:18 ICT" name="testLoginFunctionality" data-provider="loginData" finished-at="2025-06-16T22:21:18 ICT" duration-ms="269" status="PASS">
          <params>
            <param index="0">
              <value>
                <![CDATA[]]>
              </value>
            </param>
            <param index="1">
              <value>
                <![CDATA[secret_sauce]]>
              </value>
            </param>
            <param index="2">
              <value>
                <![CDATA[failure]]>
              </value>
            </param>
            <param index="3">
              <value>
                <![CDATA[Username is required]]>
              </value>
            </param>
          </params>
          <reporter-output>
          </reporter-output>
        </test-method> <!-- testLoginFunctionality -->
        <test-method is-config="true" signature="tearDown()[pri:0, instance:feature.Day06.LoginMultiCaseV2Test@1f0f1111]" started-at="2025-06-16T22:21:18 ICT" name="tearDown" finished-at="2025-06-16T22:21:18 ICT" duration-ms="148" status="PASS">
          <reporter-output>
          </reporter-output>
        </test-method> <!-- tearDown -->
      </class> <!-- feature.Day06.LoginMultiCaseV2Test -->
      <class name="assignment.RequestDemoTest">
        <test-method is-config="true" signature="setUp()[pri:0, instance:assignment.RequestDemoTest@7219ec67]" started-at="2025-06-16T22:12:01 ICT" name="setUp" finished-at="2025-06-16T22:12:13 ICT" duration-ms="11392" status="PASS">
          <reporter-output>
          </reporter-output>
        </test-method> <!-- setUp -->
        <test-method signature="testForm(java.lang.String,java.lang.String,java.lang.String,java.lang.String,java.lang.String,java.lang.String,java.lang.String,java.lang.String,java.lang.String,boolean,java.lang.String,java.lang.String)[pri:0, instance:assignment.RequestDemoTest@7219ec67]" started-at="2025-06-16T22:12:13 ICT" name="testForm" data-provider="formData" finished-at="2025-06-16T22:12:29 ICT" duration-ms="16289" status="PASS">
          <params>
            <param index="0">
              <value>
                <![CDATA[haht@bfd.vn]]>
              </value>
            </param>
            <param index="1">
              <value>
                <![CDATA[Hoàng Thái]]>
              </value>
            </param>
            <param index="2">
              <value>
                <![CDATA[Hà]]>
              </value>
            </param>
            <param index="3">
              <value>
                <![CDATA[BFD.JSC]]>
              </value>
            </param>
            <param index="4">
              <value>
                <![CDATA[0904590444]]>
              </value>
            </param>
            <param index="5">
              <value>
                <![CDATA[Vietnam]]>
              </value>
            </param>
            <param index="6">
              <value>
                <![CDATA[]]>
              </value>
            </param>
            <param index="7">
              <value>
                <![CDATA[Test Analytics & AI Insights]]>
              </value>
            </param>
            <param index="8">
              <value>
                <![CDATA[Comment1]]>
              </value>
            </param>
            <param index="9">
              <value>
                <![CDATA[true]]>
              </value>
            </param>
            <param index="10">
              <value>
                <![CDATA[success]]>
              </value>
            </param>
            <param index="11">
              <value>
                <![CDATA[]]>
              </value>
            </param>
          </params>
          <reporter-output>
          </reporter-output>
        </test-method> <!-- testForm -->
        <test-method is-config="true" signature="tearDown()[pri:0, instance:assignment.RequestDemoTest@7219ec67]" started-at="2025-06-16T22:12:29 ICT" name="tearDown" finished-at="2025-06-16T22:12:29 ICT" duration-ms="296" status="PASS">
          <reporter-output>
          </reporter-output>
        </test-method> <!-- tearDown -->
        <test-method is-config="true" signature="setUp()[pri:0, instance:assignment.RequestDemoTest@7219ec67]" started-at="2025-06-16T22:12:29 ICT" name="setUp" finished-at="2025-06-16T22:12:44 ICT" duration-ms="14504" status="PASS">
          <reporter-output>
          </reporter-output>
        </test-method> <!-- setUp -->
        <test-method signature="testForm(java.lang.String,java.lang.String,java.lang.String,java.lang.String,java.lang.String,java.lang.String,java.lang.String,java.lang.String,java.lang.String,boolean,java.lang.String,java.lang.String)[pri:0, instance:assignment.RequestDemoTest@7219ec67]" started-at="2025-06-16T22:12:44 ICT" name="testForm" data-provider="formData" finished-at="2025-06-16T22:12:59 ICT" duration-ms="15075" status="PASS">
          <params>
            <param index="0">
              <value>
                <![CDATA[haht@bfd.vn]]>
              </value>
            </param>
            <param index="1">
              <value>
                <![CDATA[Hoàng Thái]]>
              </value>
            </param>
            <param index="2">
              <value>
                <![CDATA[Hà]]>
              </value>
            </param>
            <param index="3">
              <value>
                <![CDATA[BFD.JSC]]>
              </value>
            </param>
            <param index="4">
              <value>
                <![CDATA[0904590444]]>
              </value>
            </param>
            <param index="5">
              <value>
                <![CDATA[Vietnam]]>
              </value>
            </param>
            <param index="6">
              <value>
                <![CDATA[]]>
              </value>
            </param>
            <param index="7">
              <value>
                <![CDATA[Test Analytics & AI Insights]]>
              </value>
            </param>
            <param index="8">
              <value>
                <![CDATA[]]>
              </value>
            </param>
            <param index="9">
              <value>
                <![CDATA[true]]>
              </value>
            </param>
            <param index="10">
              <value>
                <![CDATA[success]]>
              </value>
            </param>
            <param index="11">
              <value>
                <![CDATA[]]>
              </value>
            </param>
          </params>
          <reporter-output>
          </reporter-output>
        </test-method> <!-- testForm -->
        <test-method is-config="true" signature="tearDown()[pri:0, instance:assignment.RequestDemoTest@7219ec67]" started-at="2025-06-16T22:12:59 ICT" name="tearDown" finished-at="2025-06-16T22:12:59 ICT" duration-ms="239" status="PASS">
          <reporter-output>
          </reporter-output>
        </test-method> <!-- tearDown -->
        <test-method is-config="true" signature="setUp()[pri:0, instance:assignment.RequestDemoTest@7219ec67]" started-at="2025-06-16T22:12:59 ICT" name="setUp" finished-at="2025-06-16T22:13:12 ICT" duration-ms="12672" status="PASS">
          <reporter-output>
          </reporter-output>
        </test-method> <!-- setUp -->
        <test-method signature="testForm(java.lang.String,java.lang.String,java.lang.String,java.lang.String,java.lang.String,java.lang.String,java.lang.String,java.lang.String,java.lang.String,boolean,java.lang.String,java.lang.String)[pri:0, instance:assignment.RequestDemoTest@7219ec67]" started-at="2025-06-16T22:13:12 ICT" name="testForm" data-provider="formData" finished-at="2025-06-16T22:13:24 ICT" duration-ms="12852" status="PASS">
          <params>
            <param index="0">
              <value>
                <![CDATA[haht@bfd.vn]]>
              </value>
            </param>
            <param index="1">
              <value>
                <![CDATA[Hoàng Thái]]>
              </value>
            </param>
            <param index="2">
              <value>
                <![CDATA[Hà]]>
              </value>
            </param>
            <param index="3">
              <value>
                <![CDATA[BFD.JSC]]>
              </value>
            </param>
            <param index="4">
              <value>
                <![CDATA[0904590444]]>
              </value>
            </param>
            <param index="5">
              <value>
                <![CDATA[Vietnam]]>
              </value>
            </param>
            <param index="6">
              <value>
                <![CDATA[]]>
              </value>
            </param>
            <param index="7">
              <value>
                <![CDATA[Test Analytics & AI Insights]]>
              </value>
            </param>
            <param index="8">
              <value>
                <![CDATA[Comment1]]>
              </value>
            </param>
            <param index="9">
              <value>
                <![CDATA[false]]>
              </value>
            </param>
            <param index="10">
              <value>
                <![CDATA[success]]>
              </value>
            </param>
            <param index="11">
              <value>
                <![CDATA[]]>
              </value>
            </param>
          </params>
          <reporter-output>
          </reporter-output>
        </test-method> <!-- testForm -->
        <test-method is-config="true" signature="tearDown()[pri:0, instance:assignment.RequestDemoTest@7219ec67]" started-at="2025-06-16T22:13:24 ICT" name="tearDown" finished-at="2025-06-16T22:13:25 ICT" duration-ms="550" status="PASS">
          <reporter-output>
          </reporter-output>
        </test-method> <!-- tearDown -->
        <test-method is-config="true" signature="setUp()[pri:0, instance:assignment.RequestDemoTest@7219ec67]" started-at="2025-06-16T22:13:25 ICT" name="setUp" finished-at="2025-06-16T22:13:39 ICT" duration-ms="13594" status="PASS">
          <reporter-output>
          </reporter-output>
        </test-method> <!-- setUp -->
        <test-method signature="testForm(java.lang.String,java.lang.String,java.lang.String,java.lang.String,java.lang.String,java.lang.String,java.lang.String,java.lang.String,java.lang.String,boolean,java.lang.String,java.lang.String)[pri:0, instance:assignment.RequestDemoTest@7219ec67]" started-at="2025-06-16T22:13:39 ICT" name="testForm" data-provider="formData" finished-at="2025-06-16T22:13:56 ICT" duration-ms="17724" status="PASS">
          <params>
            <param index="0">
              <value>
                <![CDATA[haht@bfd.vn]]>
              </value>
            </param>
            <param index="1">
              <value>
                <![CDATA[Hoàng Thái]]>
              </value>
            </param>
            <param index="2">
              <value>
                <![CDATA[Hà]]>
              </value>
            </param>
            <param index="3">
              <value>
                <![CDATA[BFD.JSC]]>
              </value>
            </param>
            <param index="4">
              <value>
                <![CDATA[0904590444]]>
              </value>
            </param>
            <param index="5">
              <value>
                <![CDATA[United States]]>
              </value>
            </param>
            <param index="6">
              <value>
                <![CDATA[AK]]>
              </value>
            </param>
            <param index="7">
              <value>
                <![CDATA[Test Analytics & AI Insights]]>
              </value>
            </param>
            <param index="8">
              <value>
                <![CDATA[Comment2]]>
              </value>
            </param>
            <param index="9">
              <value>
                <![CDATA[true]]>
              </value>
            </param>
            <param index="10">
              <value>
                <![CDATA[success]]>
              </value>
            </param>
            <param index="11">
              <value>
                <![CDATA[]]>
              </value>
            </param>
          </params>
          <reporter-output>
          </reporter-output>
        </test-method> <!-- testForm -->
        <test-method is-config="true" signature="tearDown()[pri:0, instance:assignment.RequestDemoTest@7219ec67]" started-at="2025-06-16T22:13:56 ICT" name="tearDown" finished-at="2025-06-16T22:13:57 ICT" duration-ms="265" status="PASS">
          <reporter-output>
          </reporter-output>
        </test-method> <!-- tearDown -->
        <test-method is-config="true" signature="setUp()[pri:0, instance:assignment.RequestDemoTest@7219ec67]" started-at="2025-06-16T22:13:57 ICT" name="setUp" finished-at="2025-06-16T22:14:14 ICT" duration-ms="17072" status="PASS">
          <reporter-output>
          </reporter-output>
        </test-method> <!-- setUp -->
        <test-method signature="testForm(java.lang.String,java.lang.String,java.lang.String,java.lang.String,java.lang.String,java.lang.String,java.lang.String,java.lang.String,java.lang.String,boolean,java.lang.String,java.lang.String)[pri:0, instance:assignment.RequestDemoTest@7219ec67]" started-at="2025-06-16T22:14:14 ICT" name="testForm" data-provider="formData" finished-at="2025-06-16T22:14:36 ICT" duration-ms="22312" status="PASS">
          <params>
            <param index="0">
              <value>
                <![CDATA[haht@bfd.vn]]>
              </value>
            </param>
            <param index="1">
              <value>
                <![CDATA[Hoàng Thái]]>
              </value>
            </param>
            <param index="2">
              <value>
                <![CDATA[Hà]]>
              </value>
            </param>
            <param index="3">
              <value>
                <![CDATA[BFD.JSC]]>
              </value>
            </param>
            <param index="4">
              <value>
                <![CDATA[0904590444]]>
              </value>
            </param>
            <param index="5">
              <value>
                <![CDATA[United States]]>
              </value>
            </param>
            <param index="6">
              <value>
                <![CDATA[]]>
              </value>
            </param>
            <param index="7">
              <value>
                <![CDATA[Test Analytics & AI Insights]]>
              </value>
            </param>
            <param index="8">
              <value>
                <![CDATA[Comment3]]>
              </value>
            </param>
            <param index="9">
              <value>
                <![CDATA[true]]>
              </value>
            </param>
            <param index="10">
              <value>
                <![CDATA[failure]]>
              </value>
            </param>
            <param index="11">
              <value>
                <![CDATA[This field is required.]]>
              </value>
            </param>
          </params>
          <reporter-output>
          </reporter-output>
        </test-method> <!-- testForm -->
        <test-method is-config="true" signature="tearDown()[pri:0, instance:assignment.RequestDemoTest@7219ec67]" started-at="2025-06-16T22:14:36 ICT" name="tearDown" finished-at="2025-06-16T22:14:36 ICT" duration-ms="244" status="PASS">
          <reporter-output>
          </reporter-output>
        </test-method> <!-- tearDown -->
        <test-method is-config="true" signature="setUp()[pri:0, instance:assignment.RequestDemoTest@7219ec67]" started-at="2025-06-16T22:14:36 ICT" name="setUp" finished-at="2025-06-16T22:14:50 ICT" duration-ms="13347" status="PASS">
          <reporter-output>
          </reporter-output>
        </test-method> <!-- setUp -->
        <test-method signature="testForm(java.lang.String,java.lang.String,java.lang.String,java.lang.String,java.lang.String,java.lang.String,java.lang.String,java.lang.String,java.lang.String,boolean,java.lang.String,java.lang.String)[pri:0, instance:assignment.RequestDemoTest@7219ec67]" started-at="2025-06-16T22:14:50 ICT" name="testForm" data-provider="formData" finished-at="2025-06-16T22:14:50 ICT" duration-ms="383" status="PASS">
          <params>
            <param index="0">
              <value>
                <![CDATA[invalid.com]]>
              </value>
            </param>
            <param index="1">
              <value>
                <![CDATA[]]>
              </value>
            </param>
            <param index="2">
              <value>
                <![CDATA[]]>
              </value>
            </param>
            <param index="3">
              <value>
                <![CDATA[BFD.JSC]]>
              </value>
            </param>
            <param index="4">
              <value>
                <![CDATA[]]>
              </value>
            </param>
            <param index="5">
              <value>
                <![CDATA[]]>
              </value>
            </param>
            <param index="6">
              <value>
                <![CDATA[]]>
              </value>
            </param>
            <param index="7">
              <value>
                <![CDATA[Test Analytics & AI Insights]]>
              </value>
            </param>
            <param index="8">
              <value>
                <![CDATA[Comment4]]>
              </value>
            </param>
            <param index="9">
              <value>
                <![CDATA[true]]>
              </value>
            </param>
            <param index="10">
              <value>
                <![CDATA[failure]]>
              </value>
            </param>
            <param index="11">
              <value>
                <![CDATA[Must be valid email.]]>
              </value>
            </param>
          </params>
          <reporter-output>
          </reporter-output>
        </test-method> <!-- testForm -->
        <test-method is-config="true" signature="tearDown()[pri:0, instance:assignment.RequestDemoTest@7219ec67]" started-at="2025-06-16T22:14:50 ICT" name="tearDown" finished-at="2025-06-16T22:14:50 ICT" duration-ms="180" status="PASS">
          <reporter-output>
          </reporter-output>
        </test-method> <!-- tearDown -->
        <test-method is-config="true" signature="setUp()[pri:0, instance:assignment.RequestDemoTest@7219ec67]" started-at="2025-06-16T22:14:50 ICT" name="setUp" finished-at="2025-06-16T22:15:03 ICT" duration-ms="12452" status="PASS">
          <reporter-output>
          </reporter-output>
        </test-method> <!-- setUp -->
        <test-method signature="testForm(java.lang.String,java.lang.String,java.lang.String,java.lang.String,java.lang.String,java.lang.String,java.lang.String,java.lang.String,java.lang.String,boolean,java.lang.String,java.lang.String)[pri:0, instance:assignment.RequestDemoTest@7219ec67]" started-at="2025-06-16T22:15:03 ICT" name="testForm" data-provider="formData" finished-at="2025-06-16T22:15:03 ICT" duration-ms="406" status="PASS">
          <params>
            <param index="0">
              <value>
                <![CDATA[]]>
              </value>
            </param>
            <param index="1">
              <value>
                <![CDATA[]]>
              </value>
            </param>
            <param index="2">
              <value>
                <![CDATA[]]>
              </value>
            </param>
            <param index="3">
              <value>
                <![CDATA[BFD.JSC]]>
              </value>
            </param>
            <param index="4">
              <value>
                <![CDATA[]]>
              </value>
            </param>
            <param index="5">
              <value>
                <![CDATA[]]>
              </value>
            </param>
            <param index="6">
              <value>
                <![CDATA[]]>
              </value>
            </param>
            <param index="7">
              <value>
                <![CDATA[Test Analytics & AI Insights]]>
              </value>
            </param>
            <param index="8">
              <value>
                <![CDATA[Comment5]]>
              </value>
            </param>
            <param index="9">
              <value>
                <![CDATA[true]]>
              </value>
            </param>
            <param index="10">
              <value>
                <![CDATA[failure]]>
              </value>
            </param>
            <param index="11">
              <value>
                <![CDATA[Must be valid email.]]>
              </value>
            </param>
          </params>
          <reporter-output>
          </reporter-output>
        </test-method> <!-- testForm -->
        <test-method is-config="true" signature="tearDown()[pri:0, instance:assignment.RequestDemoTest@7219ec67]" started-at="2025-06-16T22:15:03 ICT" name="tearDown" finished-at="2025-06-16T22:15:03 ICT" duration-ms="212" status="PASS">
          <reporter-output>
          </reporter-output>
        </test-method> <!-- tearDown -->
        <test-method is-config="true" signature="setUp()[pri:0, instance:assignment.RequestDemoTest@7219ec67]" started-at="2025-06-16T22:15:03 ICT" name="setUp" finished-at="2025-06-16T22:15:13 ICT" duration-ms="10232" status="PASS">
          <reporter-output>
          </reporter-output>
        </test-method> <!-- setUp -->
        <test-method signature="testForm(java.lang.String,java.lang.String,java.lang.String,java.lang.String,java.lang.String,java.lang.String,java.lang.String,java.lang.String,java.lang.String,boolean,java.lang.String,java.lang.String)[pri:0, instance:assignment.RequestDemoTest@7219ec67]" started-at="2025-06-16T22:15:13 ICT" name="testForm" data-provider="formData" finished-at="2025-06-16T22:15:36 ICT" duration-ms="22202" status="PASS">
          <params>
            <param index="0">
              <value>
                <![CDATA[haht@bfd.vn]]>
              </value>
            </param>
            <param index="1">
              <value>
                <![CDATA[]]>
              </value>
            </param>
            <param index="2">
              <value>
                <![CDATA[Hà]]>
              </value>
            </param>
            <param index="3">
              <value>
                <![CDATA[BFD.JSC]]>
              </value>
            </param>
            <param index="4">
              <value>
                <![CDATA[0904590444]]>
              </value>
            </param>
            <param index="5">
              <value>
                <![CDATA[Vietnam]]>
              </value>
            </param>
            <param index="6">
              <value>
                <![CDATA[]]>
              </value>
            </param>
            <param index="7">
              <value>
                <![CDATA[Test Analytics & AI Insights]]>
              </value>
            </param>
            <param index="8">
              <value>
                <![CDATA[Comment6]]>
              </value>
            </param>
            <param index="9">
              <value>
                <![CDATA[true]]>
              </value>
            </param>
            <param index="10">
              <value>
                <![CDATA[failure]]>
              </value>
            </param>
            <param index="11">
              <value>
                <![CDATA[This field is required.]]>
              </value>
            </param>
          </params>
          <reporter-output>
          </reporter-output>
        </test-method> <!-- testForm -->
        <test-method is-config="true" signature="tearDown()[pri:0, instance:assignment.RequestDemoTest@7219ec67]" started-at="2025-06-16T22:15:36 ICT" name="tearDown" finished-at="2025-06-16T22:15:36 ICT" duration-ms="210" status="PASS">
          <reporter-output>
          </reporter-output>
        </test-method> <!-- tearDown -->
        <test-method is-config="true" signature="setUp()[pri:0, instance:assignment.RequestDemoTest@7219ec67]" started-at="2025-06-16T22:15:36 ICT" name="setUp" finished-at="2025-06-16T22:15:49 ICT" duration-ms="12734" status="PASS">
          <reporter-output>
          </reporter-output>
        </test-method> <!-- setUp -->
        <test-method signature="testForm(java.lang.String,java.lang.String,java.lang.String,java.lang.String,java.lang.String,java.lang.String,java.lang.String,java.lang.String,java.lang.String,boolean,java.lang.String,java.lang.String)[pri:0, instance:assignment.RequestDemoTest@7219ec67]" started-at="2025-06-16T22:15:49 ICT" name="testForm" data-provider="formData" finished-at="2025-06-16T22:16:11 ICT" duration-ms="22345" status="PASS">
          <params>
            <param index="0">
              <value>
                <![CDATA[haht@bfd.vn]]>
              </value>
            </param>
            <param index="1">
              <value>
                <![CDATA[Hoàng Thái]]>
              </value>
            </param>
            <param index="2">
              <value>
                <![CDATA[]]>
              </value>
            </param>
            <param index="3">
              <value>
                <![CDATA[BFD.JSC]]>
              </value>
            </param>
            <param index="4">
              <value>
                <![CDATA[0904590445]]>
              </value>
            </param>
            <param index="5">
              <value>
                <![CDATA[Vietnam]]>
              </value>
            </param>
            <param index="6">
              <value>
                <![CDATA[]]>
              </value>
            </param>
            <param index="7">
              <value>
                <![CDATA[Test Analytics & AI Insights]]>
              </value>
            </param>
            <param index="8">
              <value>
                <![CDATA[Comment7]]>
              </value>
            </param>
            <param index="9">
              <value>
                <![CDATA[true]]>
              </value>
            </param>
            <param index="10">
              <value>
                <![CDATA[failure]]>
              </value>
            </param>
            <param index="11">
              <value>
                <![CDATA[This field is required.]]>
              </value>
            </param>
          </params>
          <reporter-output>
          </reporter-output>
        </test-method> <!-- testForm -->
        <test-method is-config="true" signature="tearDown()[pri:0, instance:assignment.RequestDemoTest@7219ec67]" started-at="2025-06-16T22:16:11 ICT" name="tearDown" finished-at="2025-06-16T22:16:11 ICT" duration-ms="235" status="PASS">
          <reporter-output>
          </reporter-output>
        </test-method> <!-- tearDown -->
        <test-method is-config="true" signature="setUp()[pri:0, instance:assignment.RequestDemoTest@7219ec67]" started-at="2025-06-16T22:16:11 ICT" name="setUp" finished-at="2025-06-16T22:16:25 ICT" duration-ms="13422" status="PASS">
          <reporter-output>
          </reporter-output>
        </test-method> <!-- setUp -->
        <test-method signature="testForm(java.lang.String,java.lang.String,java.lang.String,java.lang.String,java.lang.String,java.lang.String,java.lang.String,java.lang.String,java.lang.String,boolean,java.lang.String,java.lang.String)[pri:0, instance:assignment.RequestDemoTest@7219ec67]" started-at="2025-06-16T22:16:25 ICT" name="testForm" data-provider="formData" finished-at="2025-06-16T22:16:47 ICT" duration-ms="22190" status="PASS">
          <params>
            <param index="0">
              <value>
                <![CDATA[haht@bfd.vn]]>
              </value>
            </param>
            <param index="1">
              <value>
                <![CDATA[Hoàng Thái]]>
              </value>
            </param>
            <param index="2">
              <value>
                <![CDATA[Hà]]>
              </value>
            </param>
            <param index="3">
              <value>
                <![CDATA[]]>
              </value>
            </param>
            <param index="4">
              <value>
                <![CDATA[0904590446]]>
              </value>
            </param>
            <param index="5">
              <value>
                <![CDATA[Vietnam]]>
              </value>
            </param>
            <param index="6">
              <value>
                <![CDATA[]]>
              </value>
            </param>
            <param index="7">
              <value>
                <![CDATA[Test Analytics & AI Insights]]>
              </value>
            </param>
            <param index="8">
              <value>
                <![CDATA[Comment8]]>
              </value>
            </param>
            <param index="9">
              <value>
                <![CDATA[true]]>
              </value>
            </param>
            <param index="10">
              <value>
                <![CDATA[failure]]>
              </value>
            </param>
            <param index="11">
              <value>
                <![CDATA[This field is required.]]>
              </value>
            </param>
          </params>
          <reporter-output>
          </reporter-output>
        </test-method> <!-- testForm -->
        <test-method is-config="true" signature="tearDown()[pri:0, instance:assignment.RequestDemoTest@7219ec67]" started-at="2025-06-16T22:16:47 ICT" name="tearDown" finished-at="2025-06-16T22:16:47 ICT" duration-ms="228" status="PASS">
          <reporter-output>
          </reporter-output>
        </test-method> <!-- tearDown -->
        <test-method is-config="true" signature="setUp()[pri:0, instance:assignment.RequestDemoTest@7219ec67]" started-at="2025-06-16T22:16:47 ICT" name="setUp" finished-at="2025-06-16T22:16:58 ICT" duration-ms="11164" status="PASS">
          <reporter-output>
          </reporter-output>
        </test-method> <!-- setUp -->
        <test-method signature="testForm(java.lang.String,java.lang.String,java.lang.String,java.lang.String,java.lang.String,java.lang.String,java.lang.String,java.lang.String,java.lang.String,boolean,java.lang.String,java.lang.String)[pri:0, instance:assignment.RequestDemoTest@7219ec67]" started-at="2025-06-16T22:16:58 ICT" name="testForm" data-provider="formData" finished-at="2025-06-16T22:17:20 ICT" duration-ms="22247" status="PASS">
          <params>
            <param index="0">
              <value>
                <![CDATA[haht@bfd.vn]]>
              </value>
            </param>
            <param index="1">
              <value>
                <![CDATA[Hoàng Thái]]>
              </value>
            </param>
            <param index="2">
              <value>
                <![CDATA[Hà]]>
              </value>
            </param>
            <param index="3">
              <value>
                <![CDATA[BFD.JSC]]>
              </value>
            </param>
            <param index="4">
              <value>
                <![CDATA[]]>
              </value>
            </param>
            <param index="5">
              <value>
                <![CDATA[Vietnam]]>
              </value>
            </param>
            <param index="6">
              <value>
                <![CDATA[]]>
              </value>
            </param>
            <param index="7">
              <value>
                <![CDATA[Test Analytics & AI Insights]]>
              </value>
            </param>
            <param index="8">
              <value>
                <![CDATA[Comment9]]>
              </value>
            </param>
            <param index="9">
              <value>
                <![CDATA[true]]>
              </value>
            </param>
            <param index="10">
              <value>
                <![CDATA[failure]]>
              </value>
            </param>
            <param index="11">
              <value>
                <![CDATA[Must be a phone number.]]>
              </value>
            </param>
          </params>
          <reporter-output>
          </reporter-output>
        </test-method> <!-- testForm -->
        <test-method is-config="true" signature="tearDown()[pri:0, instance:assignment.RequestDemoTest@7219ec67]" started-at="2025-06-16T22:17:20 ICT" name="tearDown" finished-at="2025-06-16T22:17:21 ICT" duration-ms="265" status="PASS">
          <reporter-output>
          </reporter-output>
        </test-method> <!-- tearDown -->
        <test-method is-config="true" signature="setUp()[pri:0, instance:assignment.RequestDemoTest@7219ec67]" started-at="2025-06-16T22:17:21 ICT" name="setUp" finished-at="2025-06-16T22:17:28 ICT" duration-ms="7810" status="PASS">
          <reporter-output>
          </reporter-output>
        </test-method> <!-- setUp -->
        <test-method signature="testForm(java.lang.String,java.lang.String,java.lang.String,java.lang.String,java.lang.String,java.lang.String,java.lang.String,java.lang.String,java.lang.String,boolean,java.lang.String,java.lang.String)[pri:0, instance:assignment.RequestDemoTest@7219ec67]" started-at="2025-06-16T22:17:28 ICT" name="testForm" data-provider="formData" finished-at="2025-06-16T22:17:51 ICT" duration-ms="22081" status="PASS">
          <params>
            <param index="0">
              <value>
                <![CDATA[haht@bfd.vn]]>
              </value>
            </param>
            <param index="1">
              <value>
                <![CDATA[Hoàng Thái]]>
              </value>
            </param>
            <param index="2">
              <value>
                <![CDATA[Hà]]>
              </value>
            </param>
            <param index="3">
              <value>
                <![CDATA[BFD.JSC]]>
              </value>
            </param>
            <param index="4">
              <value>
                <![CDATA[invalid_phone]]>
              </value>
            </param>
            <param index="5">
              <value>
                <![CDATA[Vietnam]]>
              </value>
            </param>
            <param index="6">
              <value>
                <![CDATA[]]>
              </value>
            </param>
            <param index="7">
              <value>
                <![CDATA[Test Analytics & AI Insights]]>
              </value>
            </param>
            <param index="8">
              <value>
                <![CDATA[Comment10]]>
              </value>
            </param>
            <param index="9">
              <value>
                <![CDATA[true]]>
              </value>
            </param>
            <param index="10">
              <value>
                <![CDATA[failure]]>
              </value>
            </param>
            <param index="11">
              <value>
                <![CDATA[Must be a phone number.]]>
              </value>
            </param>
          </params>
          <reporter-output>
          </reporter-output>
        </test-method> <!-- testForm -->
        <test-method is-config="true" signature="tearDown()[pri:0, instance:assignment.RequestDemoTest@7219ec67]" started-at="2025-06-16T22:17:51 ICT" name="tearDown" finished-at="2025-06-16T22:17:51 ICT" duration-ms="277" status="PASS">
          <reporter-output>
          </reporter-output>
        </test-method> <!-- tearDown -->
        <test-method is-config="true" signature="setUp()[pri:0, instance:assignment.RequestDemoTest@7219ec67]" started-at="2025-06-16T22:17:51 ICT" name="setUp" finished-at="2025-06-16T22:17:58 ICT" duration-ms="7113" status="PASS">
          <reporter-output>
          </reporter-output>
        </test-method> <!-- setUp -->
        <test-method signature="testForm(java.lang.String,java.lang.String,java.lang.String,java.lang.String,java.lang.String,java.lang.String,java.lang.String,java.lang.String,java.lang.String,boolean,java.lang.String,java.lang.String)[pri:0, instance:assignment.RequestDemoTest@7219ec67]" started-at="2025-06-16T22:17:58 ICT" name="testForm" data-provider="formData" finished-at="2025-06-16T22:18:20 ICT" duration-ms="22004" status="PASS">
          <params>
            <param index="0">
              <value>
                <![CDATA[haht@bfd.vn]]>
              </value>
            </param>
            <param index="1">
              <value>
                <![CDATA[Hoàng Thái]]>
              </value>
            </param>
            <param index="2">
              <value>
                <![CDATA[Hà]]>
              </value>
            </param>
            <param index="3">
              <value>
                <![CDATA[BFD.JSC]]>
              </value>
            </param>
            <param index="4">
              <value>
                <![CDATA[0904590445]]>
              </value>
            </param>
            <param index="5">
              <value>
                <![CDATA[]]>
              </value>
            </param>
            <param index="6">
              <value>
                <![CDATA[]]>
              </value>
            </param>
            <param index="7">
              <value>
                <![CDATA[Test Analytics & AI Insights]]>
              </value>
            </param>
            <param index="8">
              <value>
                <![CDATA[Comment11]]>
              </value>
            </param>
            <param index="9">
              <value>
                <![CDATA[true]]>
              </value>
            </param>
            <param index="10">
              <value>
                <![CDATA[failure]]>
              </value>
            </param>
            <param index="11">
              <value>
                <![CDATA[This field is required.]]>
              </value>
            </param>
          </params>
          <reporter-output>
          </reporter-output>
        </test-method> <!-- testForm -->
        <test-method is-config="true" signature="tearDown()[pri:0, instance:assignment.RequestDemoTest@7219ec67]" started-at="2025-06-16T22:18:20 ICT" name="tearDown" finished-at="2025-06-16T22:18:20 ICT" duration-ms="233" status="PASS">
          <reporter-output>
          </reporter-output>
        </test-method> <!-- tearDown -->
        <test-method is-config="true" signature="setUp()[pri:0, instance:assignment.RequestDemoTest@7219ec67]" started-at="2025-06-16T22:18:20 ICT" name="setUp" finished-at="2025-06-16T22:18:28 ICT" duration-ms="7514" status="PASS">
          <reporter-output>
          </reporter-output>
        </test-method> <!-- setUp -->
        <test-method signature="testForm(java.lang.String,java.lang.String,java.lang.String,java.lang.String,java.lang.String,java.lang.String,java.lang.String,java.lang.String,java.lang.String,boolean,java.lang.String,java.lang.String)[pri:0, instance:assignment.RequestDemoTest@7219ec67]" started-at="2025-06-16T22:18:28 ICT" name="testForm" data-provider="formData" finished-at="2025-06-16T22:18:50 ICT" duration-ms="21922" status="PASS">
          <params>
            <param index="0">
              <value>
                <![CDATA[haht@bfd.vn]]>
              </value>
            </param>
            <param index="1">
              <value>
                <![CDATA[Hoàng Thái]]>
              </value>
            </param>
            <param index="2">
              <value>
                <![CDATA[Hà]]>
              </value>
            </param>
            <param index="3">
              <value>
                <![CDATA[BFD.JSC]]>
              </value>
            </param>
            <param index="4">
              <value>
                <![CDATA[0904590446]]>
              </value>
            </param>
            <param index="5">
              <value>
                <![CDATA[Vietnam]]>
              </value>
            </param>
            <param index="6">
              <value>
                <![CDATA[]]>
              </value>
            </param>
            <param index="7">
              <value>
                <![CDATA[]]>
              </value>
            </param>
            <param index="8">
              <value>
                <![CDATA[Comment12]]>
              </value>
            </param>
            <param index="9">
              <value>
                <![CDATA[true]]>
              </value>
            </param>
            <param index="10">
              <value>
                <![CDATA[failure]]>
              </value>
            </param>
            <param index="11">
              <value>
                <![CDATA[This field is required.]]>
              </value>
            </param>
          </params>
          <reporter-output>
          </reporter-output>
        </test-method> <!-- testForm -->
        <test-method is-config="true" signature="tearDown()[pri:0, instance:assignment.RequestDemoTest@7219ec67]" started-at="2025-06-16T22:18:50 ICT" name="tearDown" finished-at="2025-06-16T22:18:50 ICT" duration-ms="221" status="PASS">
          <reporter-output>
          </reporter-output>
        </test-method> <!-- tearDown -->
        <test-method is-config="true" signature="setUp()[pri:0, instance:assignment.RequestDemoTest@7219ec67]" started-at="2025-06-16T22:18:50 ICT" name="setUp" finished-at="2025-06-16T22:19:01 ICT" duration-ms="10897" status="PASS">
          <reporter-output>
          </reporter-output>
        </test-method> <!-- setUp -->
        <test-method signature="testForm(java.lang.String,java.lang.String,java.lang.String,java.lang.String,java.lang.String,java.lang.String,java.lang.String,java.lang.String,java.lang.String,boolean,java.lang.String,java.lang.String)[pri:0, instance:assignment.RequestDemoTest@7219ec67]" started-at="2025-06-16T22:19:01 ICT" name="testForm" data-provider="formData" finished-at="2025-06-16T22:19:15 ICT" duration-ms="14290" status="FAIL">
          <params>
            <param index="0">
              <value>
                <![CDATA[haht@bfd.vn]]>
              </value>
            </param>
            <param index="1">
              <value>
                <![CDATA[123]]>
              </value>
            </param>
            <param index="2">
              <value>
                <![CDATA[Hà]]>
              </value>
            </param>
            <param index="3">
              <value>
                <![CDATA[BFD.JSC]]>
              </value>
            </param>
            <param index="4">
              <value>
                <![CDATA[0904590447]]>
              </value>
            </param>
            <param index="5">
              <value>
                <![CDATA[Vietnam]]>
              </value>
            </param>
            <param index="6">
              <value>
                <![CDATA[]]>
              </value>
            </param>
            <param index="7">
              <value>
                <![CDATA[Test Analytics & AI Insights]]>
              </value>
            </param>
            <param index="8">
              <value>
                <![CDATA[Comment13]]>
              </value>
            </param>
            <param index="9">
              <value>
                <![CDATA[true]]>
              </value>
            </param>
            <param index="10">
              <value>
                <![CDATA[failure]]>
              </value>
            </param>
            <param index="11">
              <value>
                <![CDATA[This field is required.]]>
              </value>
            </param>
          </params>
          <exception class="java.lang.AssertionError">
            <message>
              <![CDATA[Form submitted or error message missing when it should have failed!]]>
            </message>
            <full-stacktrace>
              <![CDATA[java.lang.AssertionError: Form submitted or error message missing when it should have failed!
at org.testng.Assert.fail(Assert.java:111)
at assignment.RequestDemoTest.testForm(RequestDemoTest.java:184)
at java.base/jdk.internal.reflect.NativeMethodAccessorImpl.invoke0(Native Method)
at java.base/jdk.internal.reflect.NativeMethodAccessorImpl.invoke(NativeMethodAccessorImpl.java:77)
at java.base/jdk.internal.reflect.DelegatingMethodAccessorImpl.invoke(DelegatingMethodAccessorImpl.java:43)
at java.base/java.lang.reflect.Method.invoke(Method.java:568)
at org.testng.internal.invokers.MethodInvocationHelper.invokeMethod(MethodInvocationHelper.java:139)
at org.testng.internal.invokers.TestInvoker.invokeMethod(TestInvoker.java:664)
at org.testng.internal.invokers.TestInvoker.invokeTestMethod(TestInvoker.java:228)
at org.testng.internal.invokers.MethodRunner.runInSequence(MethodRunner.java:63)
at org.testng.internal.invokers.TestInvoker$MethodInvocationAgent.invoke(TestInvoker.java:961)
at org.testng.internal.invokers.TestInvoker.invokeTestMethods(TestInvoker.java:201)
at org.testng.internal.invokers.TestMethodWorker.invokeTestMethods(TestMethodWorker.java:148)
at org.testng.internal.invokers.TestMethodWorker.run(TestMethodWorker.java:128)
at java.base/java.util.ArrayList.forEach(ArrayList.java:1511)
at org.testng.TestRunner.privateRun(TestRunner.java:819)
at org.testng.TestRunner.run(TestRunner.java:619)
at org.testng.SuiteRunner.runTest(SuiteRunner.java:443)
at org.testng.SuiteRunner.runSequentially(SuiteRunner.java:437)
at org.testng.SuiteRunner.privateRun(SuiteRunner.java:397)
at org.testng.SuiteRunner.run(SuiteRunner.java:336)
at org.testng.SuiteRunnerWorker.runSuite(SuiteRunnerWorker.java:52)
at org.testng.SuiteRunnerWorker.run(SuiteRunnerWorker.java:95)
at org.testng.TestNG.runSuitesSequentially(TestNG.java:1301)
at org.testng.TestNG.runSuitesLocally(TestNG.java:1228)
at org.testng.TestNG.runSuites(TestNG.java:1134)
at org.testng.TestNG.run(TestNG.java:1101)
at org.apache.maven.surefire.testng.TestNGExecutor.run(TestNGExecutor.java:155)
at org.apache.maven.surefire.testng.TestNGDirectoryTestSuite.executeMulti(TestNGDirectoryTestSuite.java:169)
at org.apache.maven.surefire.testng.TestNGDirectoryTestSuite.execute(TestNGDirectoryTestSuite.java:88)
at org.apache.maven.surefire.testng.TestNGProvider.invoke(TestNGProvider.java:137)
at org.apache.maven.surefire.booter.ForkedBooter.runSuitesInProcess(ForkedBooter.java:385)
at org.apache.maven.surefire.booter.ForkedBooter.execute(ForkedBooter.java:162)
at org.apache.maven.surefire.booter.ForkedBooter.run(ForkedBooter.java:507)
at org.apache.maven.surefire.booter.ForkedBooter.main(ForkedBooter.java:495)
]]>
            </full-stacktrace>
          </exception> <!-- java.lang.AssertionError -->
          <reporter-output>
          </reporter-output>
        </test-method> <!-- testForm -->
        <test-method is-config="true" signature="tearDown()[pri:0, instance:assignment.RequestDemoTest@7219ec67]" started-at="2025-06-16T22:19:15 ICT" name="tearDown" finished-at="2025-06-16T22:19:15 ICT" duration-ms="268" status="PASS">
          <reporter-output>
          </reporter-output>
        </test-method> <!-- tearDown -->
        <test-method is-config="true" signature="setUp()[pri:0, instance:assignment.RequestDemoTest@7219ec67]" started-at="2025-06-16T22:19:15 ICT" name="setUp" finished-at="2025-06-16T22:19:19 ICT" duration-ms="3615" status="PASS">
          <reporter-output>
          </reporter-output>
        </test-method> <!-- setUp -->
        <test-method signature="testForm(java.lang.String,java.lang.String,java.lang.String,java.lang.String,java.lang.String,java.lang.String,java.lang.String,java.lang.String,java.lang.String,boolean,java.lang.String,java.lang.String)[pri:0, instance:assignment.RequestDemoTest@7219ec67]" started-at="2025-06-16T22:19:19 ICT" name="testForm" data-provider="formData" finished-at="2025-06-16T22:19:39 ICT" duration-ms="20493" status="FAIL">
          <params>
            <param index="0">
              <value>
                <![CDATA[haht@bfd.vn]]>
              </value>
            </param>
            <param index="1">
              <value>
                <![CDATA[Hoàng Thái]]>
              </value>
            </param>
            <param index="2">
              <value>
                <![CDATA[123]]>
              </value>
            </param>
            <param index="3">
              <value>
                <![CDATA[BFD.JSC]]>
              </value>
            </param>
            <param index="4">
              <value>
                <![CDATA[0904590448]]>
              </value>
            </param>
            <param index="5">
              <value>
                <![CDATA[Vietnam]]>
              </value>
            </param>
            <param index="6">
              <value>
                <![CDATA[]]>
              </value>
            </param>
            <param index="7">
              <value>
                <![CDATA[Test Analytics & AI Insights]]>
              </value>
            </param>
            <param index="8">
              <value>
                <![CDATA[Comment14]]>
              </value>
            </param>
            <param index="9">
              <value>
                <![CDATA[true]]>
              </value>
            </param>
            <param index="10">
              <value>
                <![CDATA[failure]]>
              </value>
            </param>
            <param index="11">
              <value>
                <![CDATA[This field is required.]]>
              </value>
            </param>
          </params>
          <exception class="java.lang.AssertionError">
            <message>
              <![CDATA[Form submitted or error message missing when it should have failed!]]>
            </message>
            <full-stacktrace>
              <![CDATA[java.lang.AssertionError: Form submitted or error message missing when it should have failed!
at org.testng.Assert.fail(Assert.java:111)
at assignment.RequestDemoTest.testForm(RequestDemoTest.java:184)
at java.base/jdk.internal.reflect.NativeMethodAccessorImpl.invoke0(Native Method)
at java.base/jdk.internal.reflect.NativeMethodAccessorImpl.invoke(NativeMethodAccessorImpl.java:77)
at java.base/jdk.internal.reflect.DelegatingMethodAccessorImpl.invoke(DelegatingMethodAccessorImpl.java:43)
at java.base/java.lang.reflect.Method.invoke(Method.java:568)
at org.testng.internal.invokers.MethodInvocationHelper.invokeMethod(MethodInvocationHelper.java:139)
at org.testng.internal.invokers.TestInvoker.invokeMethod(TestInvoker.java:664)
at org.testng.internal.invokers.TestInvoker.invokeTestMethod(TestInvoker.java:228)
at org.testng.internal.invokers.MethodRunner.runInSequence(MethodRunner.java:63)
at org.testng.internal.invokers.TestInvoker$MethodInvocationAgent.invoke(TestInvoker.java:961)
at org.testng.internal.invokers.TestInvoker.invokeTestMethods(TestInvoker.java:201)
at org.testng.internal.invokers.TestMethodWorker.invokeTestMethods(TestMethodWorker.java:148)
at org.testng.internal.invokers.TestMethodWorker.run(TestMethodWorker.java:128)
at java.base/java.util.ArrayList.forEach(ArrayList.java:1511)
at org.testng.TestRunner.privateRun(TestRunner.java:819)
at org.testng.TestRunner.run(TestRunner.java:619)
at org.testng.SuiteRunner.runTest(SuiteRunner.java:443)
at org.testng.SuiteRunner.runSequentially(SuiteRunner.java:437)
at org.testng.SuiteRunner.privateRun(SuiteRunner.java:397)
at org.testng.SuiteRunner.run(SuiteRunner.java:336)
at org.testng.SuiteRunnerWorker.runSuite(SuiteRunnerWorker.java:52)
at org.testng.SuiteRunnerWorker.run(SuiteRunnerWorker.java:95)
at org.testng.TestNG.runSuitesSequentially(TestNG.java:1301)
at org.testng.TestNG.runSuitesLocally(TestNG.java:1228)
at org.testng.TestNG.runSuites(TestNG.java:1134)
at org.testng.TestNG.run(TestNG.java:1101)
at org.apache.maven.surefire.testng.TestNGExecutor.run(TestNGExecutor.java:155)
at org.apache.maven.surefire.testng.TestNGDirectoryTestSuite.executeMulti(TestNGDirectoryTestSuite.java:169)
at org.apache.maven.surefire.testng.TestNGDirectoryTestSuite.execute(TestNGDirectoryTestSuite.java:88)
at org.apache.maven.surefire.testng.TestNGProvider.invoke(TestNGProvider.java:137)
at org.apache.maven.surefire.booter.ForkedBooter.runSuitesInProcess(ForkedBooter.java:385)
at org.apache.maven.surefire.booter.ForkedBooter.execute(ForkedBooter.java:162)
at org.apache.maven.surefire.booter.ForkedBooter.run(ForkedBooter.java:507)
at org.apache.maven.surefire.booter.ForkedBooter.main(ForkedBooter.java:495)
]]>
            </full-stacktrace>
          </exception> <!-- java.lang.AssertionError -->
          <reporter-output>
          </reporter-output>
        </test-method> <!-- testForm -->
        <test-method is-config="true" signature="tearDown()[pri:0, instance:assignment.RequestDemoTest@7219ec67]" started-at="2025-06-16T22:19:39 ICT" name="tearDown" finished-at="2025-06-16T22:19:40 ICT" duration-ms="254" status="PASS">
          <reporter-output>
          </reporter-output>
        </test-method> <!-- tearDown -->
        <test-method is-config="true" signature="setUp()[pri:0, instance:assignment.RequestDemoTest@7219ec67]" started-at="2025-06-16T22:19:40 ICT" name="setUp" finished-at="2025-06-16T22:19:48 ICT" duration-ms="8221" status="PASS">
          <reporter-output>
          </reporter-output>
        </test-method> <!-- setUp -->
        <test-method signature="testForm(java.lang.String,java.lang.String,java.lang.String,java.lang.String,java.lang.String,java.lang.String,java.lang.String,java.lang.String,java.lang.String,boolean,java.lang.String,java.lang.String)[pri:0, instance:assignment.RequestDemoTest@7219ec67]" started-at="2025-06-16T22:19:48 ICT" name="testForm" data-provider="formData" finished-at="2025-06-16T22:19:59 ICT" duration-ms="11513" status="FAIL">
          <params>
            <param index="0">
              <value>
                <![CDATA[haht@bfd.vn]]>
              </value>
            </param>
            <param index="1">
              <value>
                <![CDATA[Hoàng Thái]]>
              </value>
            </param>
            <param index="2">
              <value>
                <![CDATA[Hà]]>
              </value>
            </param>
            <param index="3">
              <value>
                <![CDATA[123]]>
              </value>
            </param>
            <param index="4">
              <value>
                <![CDATA[0904590449]]>
              </value>
            </param>
            <param index="5">
              <value>
                <![CDATA[Vietnam]]>
              </value>
            </param>
            <param index="6">
              <value>
                <![CDATA[]]>
              </value>
            </param>
            <param index="7">
              <value>
                <![CDATA[Test Analytics & AI Insights]]>
              </value>
            </param>
            <param index="8">
              <value>
                <![CDATA[Comment15]]>
              </value>
            </param>
            <param index="9">
              <value>
                <![CDATA[true]]>
              </value>
            </param>
            <param index="10">
              <value>
                <![CDATA[failure]]>
              </value>
            </param>
            <param index="11">
              <value>
                <![CDATA[This field is required.]]>
              </value>
            </param>
          </params>
          <exception class="java.lang.AssertionError">
            <message>
              <![CDATA[Form submitted or error message missing when it should have failed!]]>
            </message>
            <full-stacktrace>
              <![CDATA[java.lang.AssertionError: Form submitted or error message missing when it should have failed!
at org.testng.Assert.fail(Assert.java:111)
at assignment.RequestDemoTest.testForm(RequestDemoTest.java:184)
at jdk.internal.reflect.GeneratedMethodAccessor6.invoke(Unknown Source)
at java.base/jdk.internal.reflect.DelegatingMethodAccessorImpl.invoke(DelegatingMethodAccessorImpl.java:43)
at java.base/java.lang.reflect.Method.invoke(Method.java:568)
at org.testng.internal.invokers.MethodInvocationHelper.invokeMethod(MethodInvocationHelper.java:139)
at org.testng.internal.invokers.TestInvoker.invokeMethod(TestInvoker.java:664)
at org.testng.internal.invokers.TestInvoker.invokeTestMethod(TestInvoker.java:228)
at org.testng.internal.invokers.MethodRunner.runInSequence(MethodRunner.java:63)
at org.testng.internal.invokers.TestInvoker$MethodInvocationAgent.invoke(TestInvoker.java:961)
at org.testng.internal.invokers.TestInvoker.invokeTestMethods(TestInvoker.java:201)
at org.testng.internal.invokers.TestMethodWorker.invokeTestMethods(TestMethodWorker.java:148)
at org.testng.internal.invokers.TestMethodWorker.run(TestMethodWorker.java:128)
at java.base/java.util.ArrayList.forEach(ArrayList.java:1511)
at org.testng.TestRunner.privateRun(TestRunner.java:819)
at org.testng.TestRunner.run(TestRunner.java:619)
at org.testng.SuiteRunner.runTest(SuiteRunner.java:443)
at org.testng.SuiteRunner.runSequentially(SuiteRunner.java:437)
at org.testng.SuiteRunner.privateRun(SuiteRunner.java:397)
at org.testng.SuiteRunner.run(SuiteRunner.java:336)
at org.testng.SuiteRunnerWorker.runSuite(SuiteRunnerWorker.java:52)
at org.testng.SuiteRunnerWorker.run(SuiteRunnerWorker.java:95)
at org.testng.TestNG.runSuitesSequentially(TestNG.java:1301)
at org.testng.TestNG.runSuitesLocally(TestNG.java:1228)
at org.testng.TestNG.runSuites(TestNG.java:1134)
at org.testng.TestNG.run(TestNG.java:1101)
at org.apache.maven.surefire.testng.TestNGExecutor.run(TestNGExecutor.java:155)
at org.apache.maven.surefire.testng.TestNGDirectoryTestSuite.executeMulti(TestNGDirectoryTestSuite.java:169)
at org.apache.maven.surefire.testng.TestNGDirectoryTestSuite.execute(TestNGDirectoryTestSuite.java:88)
at org.apache.maven.surefire.testng.TestNGProvider.invoke(TestNGProvider.java:137)
at org.apache.maven.surefire.booter.ForkedBooter.runSuitesInProcess(ForkedBooter.java:385)
at org.apache.maven.surefire.booter.ForkedBooter.execute(ForkedBooter.java:162)
at org.apache.maven.surefire.booter.ForkedBooter.run(ForkedBooter.java:507)
at org.apache.maven.surefire.booter.ForkedBooter.main(ForkedBooter.java:495)
]]>
            </full-stacktrace>
          </exception> <!-- java.lang.AssertionError -->
          <reporter-output>
          </reporter-output>
        </test-method> <!-- testForm -->
        <test-method is-config="true" signature="tearDown()[pri:0, instance:assignment.RequestDemoTest@7219ec67]" started-at="2025-06-16T22:19:59 ICT" name="tearDown" finished-at="2025-06-16T22:20:00 ICT" duration-ms="320" status="PASS">
          <reporter-output>
          </reporter-output>
        </test-method> <!-- tearDown -->
        <test-method is-config="true" signature="setUp()[pri:0, instance:assignment.RequestDemoTest@7219ec67]" started-at="2025-06-16T22:20:00 ICT" name="setUp" finished-at="2025-06-16T22:20:08 ICT" duration-ms="8283" status="PASS">
          <reporter-output>
          </reporter-output>
        </test-method> <!-- setUp -->
        <test-method signature="testForm(java.lang.String,java.lang.String,java.lang.String,java.lang.String,java.lang.String,java.lang.String,java.lang.String,java.lang.String,java.lang.String,boolean,java.lang.String,java.lang.String)[pri:0, instance:assignment.RequestDemoTest@7219ec67]" started-at="2025-06-16T22:20:08 ICT" name="testForm" data-provider="formData" finished-at="2025-06-16T22:20:19 ICT" duration-ms="10992" status="FAIL">
          <params>
            <param index="0">
              <value>
                <![CDATA[haht@bfd.vn]]>
              </value>
            </param>
            <param index="1">
              <value>
                <![CDATA[Hoàng Thái]]>
              </value>
            </param>
            <param index="2">
              <value>
                <![CDATA[Hà]]>
              </value>
            </param>
            <param index="3">
              <value>
                <![CDATA[BFD.JSC]]>
              </value>
            </param>
            <param index="4">
              <value>
                <![CDATA[0904]]>
              </value>
            </param>
            <param index="5">
              <value>
                <![CDATA[Vietnam]]>
              </value>
            </param>
            <param index="6">
              <value>
                <![CDATA[]]>
              </value>
            </param>
            <param index="7">
              <value>
                <![CDATA[Test Analytics & AI Insights]]>
              </value>
            </param>
            <param index="8">
              <value>
                <![CDATA[Comment16]]>
              </value>
            </param>
            <param index="9">
              <value>
                <![CDATA[true]]>
              </value>
            </param>
            <param index="10">
              <value>
                <![CDATA[failure]]>
              </value>
            </param>
            <param index="11">
              <value>
                <![CDATA[Must be a phone number.]]>
              </value>
            </param>
          </params>
          <exception class="java.lang.AssertionError">
            <message>
              <![CDATA[Form submitted or error message missing when it should have failed!]]>
            </message>
            <full-stacktrace>
              <![CDATA[java.lang.AssertionError: Form submitted or error message missing when it should have failed!
at org.testng.Assert.fail(Assert.java:111)
at assignment.RequestDemoTest.testForm(RequestDemoTest.java:184)
at jdk.internal.reflect.GeneratedMethodAccessor6.invoke(Unknown Source)
at java.base/jdk.internal.reflect.DelegatingMethodAccessorImpl.invoke(DelegatingMethodAccessorImpl.java:43)
at java.base/java.lang.reflect.Method.invoke(Method.java:568)
at org.testng.internal.invokers.MethodInvocationHelper.invokeMethod(MethodInvocationHelper.java:139)
at org.testng.internal.invokers.TestInvoker.invokeMethod(TestInvoker.java:664)
at org.testng.internal.invokers.TestInvoker.invokeTestMethod(TestInvoker.java:228)
at org.testng.internal.invokers.MethodRunner.runInSequence(MethodRunner.java:63)
at org.testng.internal.invokers.TestInvoker$MethodInvocationAgent.invoke(TestInvoker.java:961)
at org.testng.internal.invokers.TestInvoker.invokeTestMethods(TestInvoker.java:201)
at org.testng.internal.invokers.TestMethodWorker.invokeTestMethods(TestMethodWorker.java:148)
at org.testng.internal.invokers.TestMethodWorker.run(TestMethodWorker.java:128)
at java.base/java.util.ArrayList.forEach(ArrayList.java:1511)
at org.testng.TestRunner.privateRun(TestRunner.java:819)
at org.testng.TestRunner.run(TestRunner.java:619)
at org.testng.SuiteRunner.runTest(SuiteRunner.java:443)
at org.testng.SuiteRunner.runSequentially(SuiteRunner.java:437)
at org.testng.SuiteRunner.privateRun(SuiteRunner.java:397)
at org.testng.SuiteRunner.run(SuiteRunner.java:336)
at org.testng.SuiteRunnerWorker.runSuite(SuiteRunnerWorker.java:52)
at org.testng.SuiteRunnerWorker.run(SuiteRunnerWorker.java:95)
at org.testng.TestNG.runSuitesSequentially(TestNG.java:1301)
at org.testng.TestNG.runSuitesLocally(TestNG.java:1228)
at org.testng.TestNG.runSuites(TestNG.java:1134)
at org.testng.TestNG.run(TestNG.java:1101)
at org.apache.maven.surefire.testng.TestNGExecutor.run(TestNGExecutor.java:155)
at org.apache.maven.surefire.testng.TestNGDirectoryTestSuite.executeMulti(TestNGDirectoryTestSuite.java:169)
at org.apache.maven.surefire.testng.TestNGDirectoryTestSuite.execute(TestNGDirectoryTestSuite.java:88)
at org.apache.maven.surefire.testng.TestNGProvider.invoke(TestNGProvider.java:137)
at org.apache.maven.surefire.booter.ForkedBooter.runSuitesInProcess(ForkedBooter.java:385)
at org.apache.maven.surefire.booter.ForkedBooter.execute(ForkedBooter.java:162)
at org.apache.maven.surefire.booter.ForkedBooter.run(ForkedBooter.java:507)
at org.apache.maven.surefire.booter.ForkedBooter.main(ForkedBooter.java:495)
]]>
            </full-stacktrace>
          </exception> <!-- java.lang.AssertionError -->
          <reporter-output>
          </reporter-output>
        </test-method> <!-- testForm -->
        <test-method is-config="true" signature="tearDown()[pri:0, instance:assignment.RequestDemoTest@7219ec67]" started-at="2025-06-16T22:20:19 ICT" name="tearDown" finished-at="2025-06-16T22:20:19 ICT" duration-ms="196" status="PASS">
          <reporter-output>
          </reporter-output>
        </test-method> <!-- tearDown -->
        <test-method is-config="true" signature="setUp()[pri:0, instance:assignment.RequestDemoTest@7219ec67]" started-at="2025-06-16T22:20:19 ICT" name="setUp" finished-at="2025-06-16T22:20:26 ICT" duration-ms="7057" status="PASS">
          <reporter-output>
          </reporter-output>
        </test-method> <!-- setUp -->
        <test-method signature="testForm(java.lang.String,java.lang.String,java.lang.String,java.lang.String,java.lang.String,java.lang.String,java.lang.String,java.lang.String,java.lang.String,boolean,java.lang.String,java.lang.String)[pri:0, instance:assignment.RequestDemoTest@7219ec67]" started-at="2025-06-16T22:20:26 ICT" name="testForm" data-provider="formData" finished-at="2025-06-16T22:21:00 ICT" duration-ms="33420" status="FAIL">
          <params>
            <param index="0">
              <value>
                <![CDATA[haht@bfd.vn]]>
              </value>
            </param>
            <param index="1">
              <value>
                <![CDATA[Hoàng Thái]]>
              </value>
            </param>
            <param index="2">
              <value>
                <![CDATA[Hà]]>
              </value>
            </param>
            <param index="3">
              <value>
                <![CDATA[BFD.JSC]]>
              </value>
            </param>
            <param index="4">
              <value>
                <![CDATA[09045904511]]>
              </value>
            </param>
            <param index="5">
              <value>
                <![CDATA[Vietnam]]>
              </value>
            </param>
            <param index="6">
              <value>
                <![CDATA[]]>
              </value>
            </param>
            <param index="7">
              <value>
                <![CDATA[Test Analytics & AI Insights]]>
              </value>
            </param>
            <param index="8">
              <value>
                <![CDATA[Comment17]]>
              </value>
            </param>
            <param index="9">
              <value>
                <![CDATA[true]]>
              </value>
            </param>
            <param index="10">
              <value>
                <![CDATA[failure]]>
              </value>
            </param>
            <param index="11">
              <value>
                <![CDATA[Must be a phone number.]]>
              </value>
            </param>
          </params>
          <exception class="java.lang.AssertionError">
            <message>
              <![CDATA[Form submitted or error message missing when it should have failed!]]>
            </message>
            <full-stacktrace>
              <![CDATA[java.lang.AssertionError: Form submitted or error message missing when it should have failed!
at org.testng.Assert.fail(Assert.java:111)
at assignment.RequestDemoTest.testForm(RequestDemoTest.java:184)
at jdk.internal.reflect.GeneratedMethodAccessor6.invoke(Unknown Source)
at java.base/jdk.internal.reflect.DelegatingMethodAccessorImpl.invoke(DelegatingMethodAccessorImpl.java:43)
at java.base/java.lang.reflect.Method.invoke(Method.java:568)
at org.testng.internal.invokers.MethodInvocationHelper.invokeMethod(MethodInvocationHelper.java:139)
at org.testng.internal.invokers.TestInvoker.invokeMethod(TestInvoker.java:664)
at org.testng.internal.invokers.TestInvoker.invokeTestMethod(TestInvoker.java:228)
at org.testng.internal.invokers.MethodRunner.runInSequence(MethodRunner.java:63)
at org.testng.internal.invokers.TestInvoker$MethodInvocationAgent.invoke(TestInvoker.java:961)
at org.testng.internal.invokers.TestInvoker.invokeTestMethods(TestInvoker.java:201)
at org.testng.internal.invokers.TestMethodWorker.invokeTestMethods(TestMethodWorker.java:148)
at org.testng.internal.invokers.TestMethodWorker.run(TestMethodWorker.java:128)
at java.base/java.util.ArrayList.forEach(ArrayList.java:1511)
at org.testng.TestRunner.privateRun(TestRunner.java:819)
at org.testng.TestRunner.run(TestRunner.java:619)
at org.testng.SuiteRunner.runTest(SuiteRunner.java:443)
at org.testng.SuiteRunner.runSequentially(SuiteRunner.java:437)
at org.testng.SuiteRunner.privateRun(SuiteRunner.java:397)
at org.testng.SuiteRunner.run(SuiteRunner.java:336)
at org.testng.SuiteRunnerWorker.runSuite(SuiteRunnerWorker.java:52)
at org.testng.SuiteRunnerWorker.run(SuiteRunnerWorker.java:95)
at org.testng.TestNG.runSuitesSequentially(TestNG.java:1301)
at org.testng.TestNG.runSuitesLocally(TestNG.java:1228)
at org.testng.TestNG.runSuites(TestNG.java:1134)
at org.testng.TestNG.run(TestNG.java:1101)
at org.apache.maven.surefire.testng.TestNGExecutor.run(TestNGExecutor.java:155)
at org.apache.maven.surefire.testng.TestNGDirectoryTestSuite.executeMulti(TestNGDirectoryTestSuite.java:169)
at org.apache.maven.surefire.testng.TestNGDirectoryTestSuite.execute(TestNGDirectoryTestSuite.java:88)
at org.apache.maven.surefire.testng.TestNGProvider.invoke(TestNGProvider.java:137)
at org.apache.maven.surefire.booter.ForkedBooter.runSuitesInProcess(ForkedBooter.java:385)
at org.apache.maven.surefire.booter.ForkedBooter.execute(ForkedBooter.java:162)
at org.apache.maven.surefire.booter.ForkedBooter.run(ForkedBooter.java:507)
at org.apache.maven.surefire.booter.ForkedBooter.main(ForkedBooter.java:495)
]]>
            </full-stacktrace>
          </exception> <!-- java.lang.AssertionError -->
          <reporter-output>
          </reporter-output>
        </test-method> <!-- testForm -->
        <test-method is-config="true" signature="tearDown()[pri:0, instance:assignment.RequestDemoTest@7219ec67]" started-at="2025-06-16T22:21:00 ICT" name="tearDown" finished-at="2025-06-16T22:21:00 ICT" duration-ms="252" status="PASS">
          <reporter-output>
          </reporter-output>
        </test-method> <!-- tearDown -->
      </class> <!-- assignment.RequestDemoTest -->
    </test> <!-- Surefire test -->
  </suite> <!-- Surefire suite -->
</testng-results>
