<?xml version="1.0" encoding="UTF-8"?>
<testng-results ignored="0" total="19" passed="14" failed="5" skipped="0">
  <reporter-output>
  </reporter-output>
  <suite started-at="2025-06-17T12:20:27 ICT" name="Surefire suite" finished-at="2025-06-17T12:28:50 ICT" duration-ms="502705">
    <groups>
    </groups>
    <test started-at="2025-06-17T12:20:27 ICT" name="Surefire test" finished-at="2025-06-17T12:28:50 ICT" duration-ms="502705">
      <class name="assignment.RequestDemoTest">
        <test-method is-config="true" signature="setUp()[pri:0, instance:assignment.RequestDemoTest@3c72f59f]" started-at="2025-06-17T12:20:28 ICT" name="setUp" finished-at="2025-06-17T12:20:37 ICT" duration-ms="9101" status="PASS">
          <reporter-output>
          </reporter-output>
        </test-method> <!-- setUp -->
        <test-method signature="testForm(java.lang.String,java.lang.String,java.lang.String,java.lang.String,java.lang.String,java.lang.String,java.lang.String,java.lang.String,java.lang.String,boolean,java.lang.String,java.lang.String)[pri:0, instance:assignment.RequestDemoTest@3c72f59f]" started-at="2025-06-17T12:20:37 ICT" name="testForm" data-provider="formData" finished-at="2025-06-17T12:21:08 ICT" duration-ms="31154" status="PASS">
          <params>
            <param index="0">
              <value>
                <![CDATA[haht@bfd.vn]]>
              </value>
            </param>
            <param index="1">
              <value>
                <![CDATA[Hoàng Thái]]>
              </value>
            </param>
            <param index="2">
              <value>
                <![CDATA[Hà]]>
              </value>
            </param>
            <param index="3">
              <value>
                <![CDATA[BFD.JSC]]>
              </value>
            </param>
            <param index="4">
              <value>
                <![CDATA[0904590444]]>
              </value>
            </param>
            <param index="5">
              <value>
                <![CDATA[Vietnam]]>
              </value>
            </param>
            <param index="6">
              <value>
                <![CDATA[]]>
              </value>
            </param>
            <param index="7">
              <value>
                <![CDATA[Test Analytics & AI Insights]]>
              </value>
            </param>
            <param index="8">
              <value>
                <![CDATA[Comment1]]>
              </value>
            </param>
            <param index="9">
              <value>
                <![CDATA[true]]>
              </value>
            </param>
            <param index="10">
              <value>
                <![CDATA[success]]>
              </value>
            </param>
            <param index="11">
              <value>
                <![CDATA[]]>
              </value>
            </param>
          </params>
          <reporter-output>
          </reporter-output>
        </test-method> <!-- testForm -->
        <test-method is-config="true" signature="tearDown()[pri:0, instance:assignment.RequestDemoTest@3c72f59f]" started-at="2025-06-17T12:21:08 ICT" name="tearDown" finished-at="2025-06-17T12:21:09 ICT" duration-ms="294" status="PASS">
          <reporter-output>
          </reporter-output>
        </test-method> <!-- tearDown -->
        <test-method is-config="true" signature="setUp()[pri:0, instance:assignment.RequestDemoTest@3c72f59f]" started-at="2025-06-17T12:21:09 ICT" name="setUp" finished-at="2025-06-17T12:21:29 ICT" duration-ms="20792" status="PASS">
          <reporter-output>
          </reporter-output>
        </test-method> <!-- setUp -->
        <test-method signature="testForm(java.lang.String,java.lang.String,java.lang.String,java.lang.String,java.lang.String,java.lang.String,java.lang.String,java.lang.String,java.lang.String,boolean,java.lang.String,java.lang.String)[pri:0, instance:assignment.RequestDemoTest@3c72f59f]" started-at="2025-06-17T12:21:29 ICT" name="testForm" data-provider="formData" finished-at="2025-06-17T12:21:59 ICT" duration-ms="29502" status="PASS">
          <params>
            <param index="0">
              <value>
                <![CDATA[haht@bfd.vn]]>
              </value>
            </param>
            <param index="1">
              <value>
                <![CDATA[Hoàng Thái]]>
              </value>
            </param>
            <param index="2">
              <value>
                <![CDATA[Hà]]>
              </value>
            </param>
            <param index="3">
              <value>
                <![CDATA[BFD.JSC]]>
              </value>
            </param>
            <param index="4">
              <value>
                <![CDATA[0904590444]]>
              </value>
            </param>
            <param index="5">
              <value>
                <![CDATA[Vietnam]]>
              </value>
            </param>
            <param index="6">
              <value>
                <![CDATA[]]>
              </value>
            </param>
            <param index="7">
              <value>
                <![CDATA[Test Analytics & AI Insights]]>
              </value>
            </param>
            <param index="8">
              <value>
                <![CDATA[]]>
              </value>
            </param>
            <param index="9">
              <value>
                <![CDATA[true]]>
              </value>
            </param>
            <param index="10">
              <value>
                <![CDATA[success]]>
              </value>
            </param>
            <param index="11">
              <value>
                <![CDATA[]]>
              </value>
            </param>
          </params>
          <reporter-output>
          </reporter-output>
        </test-method> <!-- testForm -->
        <test-method is-config="true" signature="tearDown()[pri:0, instance:assignment.RequestDemoTest@3c72f59f]" started-at="2025-06-17T12:21:59 ICT" name="tearDown" finished-at="2025-06-17T12:21:59 ICT" duration-ms="311" status="PASS">
          <reporter-output>
          </reporter-output>
        </test-method> <!-- tearDown -->
        <test-method is-config="true" signature="setUp()[pri:0, instance:assignment.RequestDemoTest@3c72f59f]" started-at="2025-06-17T12:21:59 ICT" name="setUp" finished-at="2025-06-17T12:22:13 ICT" duration-ms="13697" status="PASS">
          <reporter-output>
          </reporter-output>
        </test-method> <!-- setUp -->
        <test-method signature="testForm(java.lang.String,java.lang.String,java.lang.String,java.lang.String,java.lang.String,java.lang.String,java.lang.String,java.lang.String,java.lang.String,boolean,java.lang.String,java.lang.String)[pri:0, instance:assignment.RequestDemoTest@3c72f59f]" started-at="2025-06-17T12:22:13 ICT" name="testForm" data-provider="formData" finished-at="2025-06-17T12:22:27 ICT" duration-ms="14451" status="PASS">
          <params>
            <param index="0">
              <value>
                <![CDATA[haht@bfd.vn]]>
              </value>
            </param>
            <param index="1">
              <value>
                <![CDATA[Hoàng Thái]]>
              </value>
            </param>
            <param index="2">
              <value>
                <![CDATA[Hà]]>
              </value>
            </param>
            <param index="3">
              <value>
                <![CDATA[BFD.JSC]]>
              </value>
            </param>
            <param index="4">
              <value>
                <![CDATA[0904590444]]>
              </value>
            </param>
            <param index="5">
              <value>
                <![CDATA[Vietnam]]>
              </value>
            </param>
            <param index="6">
              <value>
                <![CDATA[]]>
              </value>
            </param>
            <param index="7">
              <value>
                <![CDATA[Test Analytics & AI Insights]]>
              </value>
            </param>
            <param index="8">
              <value>
                <![CDATA[Comment1]]>
              </value>
            </param>
            <param index="9">
              <value>
                <![CDATA[false]]>
              </value>
            </param>
            <param index="10">
              <value>
                <![CDATA[success]]>
              </value>
            </param>
            <param index="11">
              <value>
                <![CDATA[]]>
              </value>
            </param>
          </params>
          <reporter-output>
          </reporter-output>
        </test-method> <!-- testForm -->
        <test-method is-config="true" signature="tearDown()[pri:0, instance:assignment.RequestDemoTest@3c72f59f]" started-at="2025-06-17T12:22:27 ICT" name="tearDown" finished-at="2025-06-17T12:22:28 ICT" duration-ms="350" status="PASS">
          <reporter-output>
          </reporter-output>
        </test-method> <!-- tearDown -->
        <test-method is-config="true" signature="setUp()[pri:0, instance:assignment.RequestDemoTest@3c72f59f]" started-at="2025-06-17T12:22:28 ICT" name="setUp" finished-at="2025-06-17T12:22:36 ICT" duration-ms="8218" status="PASS">
          <reporter-output>
          </reporter-output>
        </test-method> <!-- setUp -->
        <test-method signature="testForm(java.lang.String,java.lang.String,java.lang.String,java.lang.String,java.lang.String,java.lang.String,java.lang.String,java.lang.String,java.lang.String,boolean,java.lang.String,java.lang.String)[pri:0, instance:assignment.RequestDemoTest@3c72f59f]" started-at="2025-06-17T12:22:36 ICT" name="testForm" data-provider="formData" finished-at="2025-06-17T12:22:51 ICT" duration-ms="15280" status="PASS">
          <params>
            <param index="0">
              <value>
                <![CDATA[haht@bfd.vn]]>
              </value>
            </param>
            <param index="1">
              <value>
                <![CDATA[Hoàng Thái]]>
              </value>
            </param>
            <param index="2">
              <value>
                <![CDATA[Hà]]>
              </value>
            </param>
            <param index="3">
              <value>
                <![CDATA[BFD.JSC]]>
              </value>
            </param>
            <param index="4">
              <value>
                <![CDATA[0904590444]]>
              </value>
            </param>
            <param index="5">
              <value>
                <![CDATA[United States]]>
              </value>
            </param>
            <param index="6">
              <value>
                <![CDATA[AK]]>
              </value>
            </param>
            <param index="7">
              <value>
                <![CDATA[Test Analytics & AI Insights]]>
              </value>
            </param>
            <param index="8">
              <value>
                <![CDATA[Comment2]]>
              </value>
            </param>
            <param index="9">
              <value>
                <![CDATA[true]]>
              </value>
            </param>
            <param index="10">
              <value>
                <![CDATA[success]]>
              </value>
            </param>
            <param index="11">
              <value>
                <![CDATA[]]>
              </value>
            </param>
          </params>
          <reporter-output>
          </reporter-output>
        </test-method> <!-- testForm -->
        <test-method is-config="true" signature="tearDown()[pri:0, instance:assignment.RequestDemoTest@3c72f59f]" started-at="2025-06-17T12:22:51 ICT" name="tearDown" finished-at="2025-06-17T12:22:51 ICT" duration-ms="311" status="PASS">
          <reporter-output>
          </reporter-output>
        </test-method> <!-- tearDown -->
        <test-method is-config="true" signature="setUp()[pri:0, instance:assignment.RequestDemoTest@3c72f59f]" started-at="2025-06-17T12:22:51 ICT" name="setUp" finished-at="2025-06-17T12:22:57 ICT" duration-ms="6020" status="PASS">
          <reporter-output>
          </reporter-output>
        </test-method> <!-- setUp -->
        <test-method signature="testForm(java.lang.String,java.lang.String,java.lang.String,java.lang.String,java.lang.String,java.lang.String,java.lang.String,java.lang.String,java.lang.String,boolean,java.lang.String,java.lang.String)[pri:0, instance:assignment.RequestDemoTest@3c72f59f]" started-at="2025-06-17T12:22:57 ICT" name="testForm" data-provider="formData" finished-at="2025-06-17T12:23:21 ICT" duration-ms="23207" status="PASS">
          <params>
            <param index="0">
              <value>
                <![CDATA[haht@bfd.vn]]>
              </value>
            </param>
            <param index="1">
              <value>
                <![CDATA[Hoàng Thái]]>
              </value>
            </param>
            <param index="2">
              <value>
                <![CDATA[Hà]]>
              </value>
            </param>
            <param index="3">
              <value>
                <![CDATA[BFD.JSC]]>
              </value>
            </param>
            <param index="4">
              <value>
                <![CDATA[0904590444]]>
              </value>
            </param>
            <param index="5">
              <value>
                <![CDATA[United States]]>
              </value>
            </param>
            <param index="6">
              <value>
                <![CDATA[]]>
              </value>
            </param>
            <param index="7">
              <value>
                <![CDATA[Test Analytics & AI Insights]]>
              </value>
            </param>
            <param index="8">
              <value>
                <![CDATA[Comment3]]>
              </value>
            </param>
            <param index="9">
              <value>
                <![CDATA[true]]>
              </value>
            </param>
            <param index="10">
              <value>
                <![CDATA[failure]]>
              </value>
            </param>
            <param index="11">
              <value>
                <![CDATA[This field is required.]]>
              </value>
            </param>
          </params>
          <reporter-output>
          </reporter-output>
        </test-method> <!-- testForm -->
        <test-method is-config="true" signature="tearDown()[pri:0, instance:assignment.RequestDemoTest@3c72f59f]" started-at="2025-06-17T12:23:21 ICT" name="tearDown" finished-at="2025-06-17T12:23:21 ICT" duration-ms="293" status="PASS">
          <reporter-output>
          </reporter-output>
        </test-method> <!-- tearDown -->
        <test-method is-config="true" signature="setUp()[pri:0, instance:assignment.RequestDemoTest@3c72f59f]" started-at="2025-06-17T12:23:21 ICT" name="setUp" finished-at="2025-06-17T12:23:28 ICT" duration-ms="6940" status="PASS">
          <reporter-output>
          </reporter-output>
        </test-method> <!-- setUp -->
        <test-method signature="testForm(java.lang.String,java.lang.String,java.lang.String,java.lang.String,java.lang.String,java.lang.String,java.lang.String,java.lang.String,java.lang.String,boolean,java.lang.String,java.lang.String)[pri:0, instance:assignment.RequestDemoTest@3c72f59f]" started-at="2025-06-17T12:23:28 ICT" name="testForm" data-provider="formData" finished-at="2025-06-17T12:23:28 ICT" duration-ms="485" status="PASS">
          <params>
            <param index="0">
              <value>
                <![CDATA[invalid.com]]>
              </value>
            </param>
            <param index="1">
              <value>
                <![CDATA[]]>
              </value>
            </param>
            <param index="2">
              <value>
                <![CDATA[]]>
              </value>
            </param>
            <param index="3">
              <value>
                <![CDATA[BFD.JSC]]>
              </value>
            </param>
            <param index="4">
              <value>
                <![CDATA[]]>
              </value>
            </param>
            <param index="5">
              <value>
                <![CDATA[]]>
              </value>
            </param>
            <param index="6">
              <value>
                <![CDATA[]]>
              </value>
            </param>
            <param index="7">
              <value>
                <![CDATA[Test Analytics & AI Insights]]>
              </value>
            </param>
            <param index="8">
              <value>
                <![CDATA[Comment4]]>
              </value>
            </param>
            <param index="9">
              <value>
                <![CDATA[true]]>
              </value>
            </param>
            <param index="10">
              <value>
                <![CDATA[failure]]>
              </value>
            </param>
            <param index="11">
              <value>
                <![CDATA[Must be valid email.]]>
              </value>
            </param>
          </params>
          <reporter-output>
          </reporter-output>
        </test-method> <!-- testForm -->
        <test-method is-config="true" signature="tearDown()[pri:0, instance:assignment.RequestDemoTest@3c72f59f]" started-at="2025-06-17T12:23:28 ICT" name="tearDown" finished-at="2025-06-17T12:23:29 ICT" duration-ms="212" status="PASS">
          <reporter-output>
          </reporter-output>
        </test-method> <!-- tearDown -->
        <test-method is-config="true" signature="setUp()[pri:0, instance:assignment.RequestDemoTest@3c72f59f]" started-at="2025-06-17T12:23:29 ICT" name="setUp" finished-at="2025-06-17T12:23:36 ICT" duration-ms="7324" status="PASS">
          <reporter-output>
          </reporter-output>
        </test-method> <!-- setUp -->
        <test-method signature="testForm(java.lang.String,java.lang.String,java.lang.String,java.lang.String,java.lang.String,java.lang.String,java.lang.String,java.lang.String,java.lang.String,boolean,java.lang.String,java.lang.String)[pri:0, instance:assignment.RequestDemoTest@3c72f59f]" started-at="2025-06-17T12:23:36 ICT" name="testForm" data-provider="formData" finished-at="2025-06-17T12:23:36 ICT" duration-ms="514" status="PASS">
          <params>
            <param index="0">
              <value>
                <![CDATA[]]>
              </value>
            </param>
            <param index="1">
              <value>
                <![CDATA[]]>
              </value>
            </param>
            <param index="2">
              <value>
                <![CDATA[]]>
              </value>
            </param>
            <param index="3">
              <value>
                <![CDATA[BFD.JSC]]>
              </value>
            </param>
            <param index="4">
              <value>
                <![CDATA[]]>
              </value>
            </param>
            <param index="5">
              <value>
                <![CDATA[]]>
              </value>
            </param>
            <param index="6">
              <value>
                <![CDATA[]]>
              </value>
            </param>
            <param index="7">
              <value>
                <![CDATA[Test Analytics & AI Insights]]>
              </value>
            </param>
            <param index="8">
              <value>
                <![CDATA[Comment5]]>
              </value>
            </param>
            <param index="9">
              <value>
                <![CDATA[true]]>
              </value>
            </param>
            <param index="10">
              <value>
                <![CDATA[failure]]>
              </value>
            </param>
            <param index="11">
              <value>
                <![CDATA[Must be valid email.]]>
              </value>
            </param>
          </params>
          <reporter-output>
          </reporter-output>
        </test-method> <!-- testForm -->
        <test-method is-config="true" signature="tearDown()[pri:0, instance:assignment.RequestDemoTest@3c72f59f]" started-at="2025-06-17T12:23:36 ICT" name="tearDown" finished-at="2025-06-17T12:23:37 ICT" duration-ms="187" status="PASS">
          <reporter-output>
          </reporter-output>
        </test-method> <!-- tearDown -->
        <test-method is-config="true" signature="setUp()[pri:0, instance:assignment.RequestDemoTest@3c72f59f]" started-at="2025-06-17T12:23:37 ICT" name="setUp" finished-at="2025-06-17T12:23:43 ICT" duration-ms="6070" status="PASS">
          <reporter-output>
          </reporter-output>
        </test-method> <!-- setUp -->
        <test-method signature="testForm(java.lang.String,java.lang.String,java.lang.String,java.lang.String,java.lang.String,java.lang.String,java.lang.String,java.lang.String,java.lang.String,boolean,java.lang.String,java.lang.String)[pri:0, instance:assignment.RequestDemoTest@3c72f59f]" started-at="2025-06-17T12:23:43 ICT" name="testForm" data-provider="formData" finished-at="2025-06-17T12:24:06 ICT" duration-ms="23253" status="PASS">
          <params>
            <param index="0">
              <value>
                <![CDATA[haht@bfd.vn]]>
              </value>
            </param>
            <param index="1">
              <value>
                <![CDATA[]]>
              </value>
            </param>
            <param index="2">
              <value>
                <![CDATA[Hà]]>
              </value>
            </param>
            <param index="3">
              <value>
                <![CDATA[BFD.JSC]]>
              </value>
            </param>
            <param index="4">
              <value>
                <![CDATA[0904590444]]>
              </value>
            </param>
            <param index="5">
              <value>
                <![CDATA[Vietnam]]>
              </value>
            </param>
            <param index="6">
              <value>
                <![CDATA[]]>
              </value>
            </param>
            <param index="7">
              <value>
                <![CDATA[Test Analytics & AI Insights]]>
              </value>
            </param>
            <param index="8">
              <value>
                <![CDATA[Comment6]]>
              </value>
            </param>
            <param index="9">
              <value>
                <![CDATA[true]]>
              </value>
            </param>
            <param index="10">
              <value>
                <![CDATA[failure]]>
              </value>
            </param>
            <param index="11">
              <value>
                <![CDATA[This field is required.]]>
              </value>
            </param>
          </params>
          <reporter-output>
          </reporter-output>
        </test-method> <!-- testForm -->
        <test-method is-config="true" signature="tearDown()[pri:0, instance:assignment.RequestDemoTest@3c72f59f]" started-at="2025-06-17T12:24:06 ICT" name="tearDown" finished-at="2025-06-17T12:24:06 ICT" duration-ms="314" status="PASS">
          <reporter-output>
          </reporter-output>
        </test-method> <!-- tearDown -->
        <test-method is-config="true" signature="setUp()[pri:0, instance:assignment.RequestDemoTest@3c72f59f]" started-at="2025-06-17T12:24:06 ICT" name="setUp" finished-at="2025-06-17T12:24:11 ICT" duration-ms="4856" status="PASS">
          <reporter-output>
          </reporter-output>
        </test-method> <!-- setUp -->
        <test-method signature="testForm(java.lang.String,java.lang.String,java.lang.String,java.lang.String,java.lang.String,java.lang.String,java.lang.String,java.lang.String,java.lang.String,boolean,java.lang.String,java.lang.String)[pri:0, instance:assignment.RequestDemoTest@3c72f59f]" started-at="2025-06-17T12:24:11 ICT" name="testForm" data-provider="formData" finished-at="2025-06-17T12:24:34 ICT" duration-ms="22635" status="PASS">
          <params>
            <param index="0">
              <value>
                <![CDATA[haht@bfd.vn]]>
              </value>
            </param>
            <param index="1">
              <value>
                <![CDATA[Hoàng Thái]]>
              </value>
            </param>
            <param index="2">
              <value>
                <![CDATA[]]>
              </value>
            </param>
            <param index="3">
              <value>
                <![CDATA[BFD.JSC]]>
              </value>
            </param>
            <param index="4">
              <value>
                <![CDATA[0904590445]]>
              </value>
            </param>
            <param index="5">
              <value>
                <![CDATA[Vietnam]]>
              </value>
            </param>
            <param index="6">
              <value>
                <![CDATA[]]>
              </value>
            </param>
            <param index="7">
              <value>
                <![CDATA[Test Analytics & AI Insights]]>
              </value>
            </param>
            <param index="8">
              <value>
                <![CDATA[Comment7]]>
              </value>
            </param>
            <param index="9">
              <value>
                <![CDATA[true]]>
              </value>
            </param>
            <param index="10">
              <value>
                <![CDATA[failure]]>
              </value>
            </param>
            <param index="11">
              <value>
                <![CDATA[This field is required.]]>
              </value>
            </param>
          </params>
          <reporter-output>
          </reporter-output>
        </test-method> <!-- testForm -->
        <test-method is-config="true" signature="tearDown()[pri:0, instance:assignment.RequestDemoTest@3c72f59f]" started-at="2025-06-17T12:24:34 ICT" name="tearDown" finished-at="2025-06-17T12:24:34 ICT" duration-ms="310" status="PASS">
          <reporter-output>
          </reporter-output>
        </test-method> <!-- tearDown -->
        <test-method is-config="true" signature="setUp()[pri:0, instance:assignment.RequestDemoTest@3c72f59f]" started-at="2025-06-17T12:24:34 ICT" name="setUp" finished-at="2025-06-17T12:24:41 ICT" duration-ms="7134" status="PASS">
          <reporter-output>
          </reporter-output>
        </test-method> <!-- setUp -->
        <test-method signature="testForm(java.lang.String,java.lang.String,java.lang.String,java.lang.String,java.lang.String,java.lang.String,java.lang.String,java.lang.String,java.lang.String,boolean,java.lang.String,java.lang.String)[pri:0, instance:assignment.RequestDemoTest@3c72f59f]" started-at="2025-06-17T12:24:41 ICT" name="testForm" data-provider="formData" finished-at="2025-06-17T12:25:04 ICT" duration-ms="22786" status="PASS">
          <params>
            <param index="0">
              <value>
                <![CDATA[haht@bfd.vn]]>
              </value>
            </param>
            <param index="1">
              <value>
                <![CDATA[Hoàng Thái]]>
              </value>
            </param>
            <param index="2">
              <value>
                <![CDATA[Hà]]>
              </value>
            </param>
            <param index="3">
              <value>
                <![CDATA[]]>
              </value>
            </param>
            <param index="4">
              <value>
                <![CDATA[0904590446]]>
              </value>
            </param>
            <param index="5">
              <value>
                <![CDATA[Vietnam]]>
              </value>
            </param>
            <param index="6">
              <value>
                <![CDATA[]]>
              </value>
            </param>
            <param index="7">
              <value>
                <![CDATA[Test Analytics & AI Insights]]>
              </value>
            </param>
            <param index="8">
              <value>
                <![CDATA[Comment8]]>
              </value>
            </param>
            <param index="9">
              <value>
                <![CDATA[true]]>
              </value>
            </param>
            <param index="10">
              <value>
                <![CDATA[failure]]>
              </value>
            </param>
            <param index="11">
              <value>
                <![CDATA[This field is required.]]>
              </value>
            </param>
          </params>
          <reporter-output>
          </reporter-output>
        </test-method> <!-- testForm -->
        <test-method is-config="true" signature="tearDown()[pri:0, instance:assignment.RequestDemoTest@3c72f59f]" started-at="2025-06-17T12:25:04 ICT" name="tearDown" finished-at="2025-06-17T12:25:04 ICT" duration-ms="375" status="PASS">
          <reporter-output>
          </reporter-output>
        </test-method> <!-- tearDown -->
        <test-method is-config="true" signature="setUp()[pri:0, instance:assignment.RequestDemoTest@3c72f59f]" started-at="2025-06-17T12:25:04 ICT" name="setUp" finished-at="2025-06-17T12:25:10 ICT" duration-ms="5445" status="PASS">
          <reporter-output>
          </reporter-output>
        </test-method> <!-- setUp -->
        <test-method signature="testForm(java.lang.String,java.lang.String,java.lang.String,java.lang.String,java.lang.String,java.lang.String,java.lang.String,java.lang.String,java.lang.String,boolean,java.lang.String,java.lang.String)[pri:0, instance:assignment.RequestDemoTest@3c72f59f]" started-at="2025-06-17T12:25:10 ICT" name="testForm" data-provider="formData" finished-at="2025-06-17T12:25:32 ICT" duration-ms="22558" status="PASS">
          <params>
            <param index="0">
              <value>
                <![CDATA[haht@bfd.vn]]>
              </value>
            </param>
            <param index="1">
              <value>
                <![CDATA[Hoàng Thái]]>
              </value>
            </param>
            <param index="2">
              <value>
                <![CDATA[Hà]]>
              </value>
            </param>
            <param index="3">
              <value>
                <![CDATA[BFD.JSC]]>
              </value>
            </param>
            <param index="4">
              <value>
                <![CDATA[]]>
              </value>
            </param>
            <param index="5">
              <value>
                <![CDATA[Vietnam]]>
              </value>
            </param>
            <param index="6">
              <value>
                <![CDATA[]]>
              </value>
            </param>
            <param index="7">
              <value>
                <![CDATA[Test Analytics & AI Insights]]>
              </value>
            </param>
            <param index="8">
              <value>
                <![CDATA[Comment9]]>
              </value>
            </param>
            <param index="9">
              <value>
                <![CDATA[true]]>
              </value>
            </param>
            <param index="10">
              <value>
                <![CDATA[failure]]>
              </value>
            </param>
            <param index="11">
              <value>
                <![CDATA[Must be a phone number.]]>
              </value>
            </param>
          </params>
          <reporter-output>
          </reporter-output>
        </test-method> <!-- testForm -->
        <test-method is-config="true" signature="tearDown()[pri:0, instance:assignment.RequestDemoTest@3c72f59f]" started-at="2025-06-17T12:25:32 ICT" name="tearDown" finished-at="2025-06-17T12:25:33 ICT" duration-ms="307" status="PASS">
          <reporter-output>
          </reporter-output>
        </test-method> <!-- tearDown -->
        <test-method is-config="true" signature="setUp()[pri:0, instance:assignment.RequestDemoTest@3c72f59f]" started-at="2025-06-17T12:25:33 ICT" name="setUp" finished-at="2025-06-17T12:25:37 ICT" duration-ms="4803" status="PASS">
          <reporter-output>
          </reporter-output>
        </test-method> <!-- setUp -->
        <test-method signature="testForm(java.lang.String,java.lang.String,java.lang.String,java.lang.String,java.lang.String,java.lang.String,java.lang.String,java.lang.String,java.lang.String,boolean,java.lang.String,java.lang.String)[pri:0, instance:assignment.RequestDemoTest@3c72f59f]" started-at="2025-06-17T12:25:37 ICT" name="testForm" data-provider="formData" finished-at="2025-06-17T12:26:00 ICT" duration-ms="22397" status="PASS">
          <params>
            <param index="0">
              <value>
                <![CDATA[haht@bfd.vn]]>
              </value>
            </param>
            <param index="1">
              <value>
                <![CDATA[Hoàng Thái]]>
              </value>
            </param>
            <param index="2">
              <value>
                <![CDATA[Hà]]>
              </value>
            </param>
            <param index="3">
              <value>
                <![CDATA[BFD.JSC]]>
              </value>
            </param>
            <param index="4">
              <value>
                <![CDATA[invalid_phone]]>
              </value>
            </param>
            <param index="5">
              <value>
                <![CDATA[Vietnam]]>
              </value>
            </param>
            <param index="6">
              <value>
                <![CDATA[]]>
              </value>
            </param>
            <param index="7">
              <value>
                <![CDATA[Test Analytics & AI Insights]]>
              </value>
            </param>
            <param index="8">
              <value>
                <![CDATA[Comment10]]>
              </value>
            </param>
            <param index="9">
              <value>
                <![CDATA[true]]>
              </value>
            </param>
            <param index="10">
              <value>
                <![CDATA[failure]]>
              </value>
            </param>
            <param index="11">
              <value>
                <![CDATA[Must be a phone number.]]>
              </value>
            </param>
          </params>
          <reporter-output>
          </reporter-output>
        </test-method> <!-- testForm -->
        <test-method is-config="true" signature="tearDown()[pri:0, instance:assignment.RequestDemoTest@3c72f59f]" started-at="2025-06-17T12:26:00 ICT" name="tearDown" finished-at="2025-06-17T12:26:00 ICT" duration-ms="308" status="PASS">
          <reporter-output>
          </reporter-output>
        </test-method> <!-- tearDown -->
        <test-method is-config="true" signature="setUp()[pri:0, instance:assignment.RequestDemoTest@3c72f59f]" started-at="2025-06-17T12:26:00 ICT" name="setUp" finished-at="2025-06-17T12:26:06 ICT" duration-ms="6107" status="PASS">
          <reporter-output>
          </reporter-output>
        </test-method> <!-- setUp -->
        <test-method signature="testForm(java.lang.String,java.lang.String,java.lang.String,java.lang.String,java.lang.String,java.lang.String,java.lang.String,java.lang.String,java.lang.String,boolean,java.lang.String,java.lang.String)[pri:0, instance:assignment.RequestDemoTest@3c72f59f]" started-at="2025-06-17T12:26:06 ICT" name="testForm" data-provider="formData" finished-at="2025-06-17T12:26:29 ICT" duration-ms="22477" status="PASS">
          <params>
            <param index="0">
              <value>
                <![CDATA[haht@bfd.vn]]>
              </value>
            </param>
            <param index="1">
              <value>
                <![CDATA[Hoàng Thái]]>
              </value>
            </param>
            <param index="2">
              <value>
                <![CDATA[Hà]]>
              </value>
            </param>
            <param index="3">
              <value>
                <![CDATA[BFD.JSC]]>
              </value>
            </param>
            <param index="4">
              <value>
                <![CDATA[0904590445]]>
              </value>
            </param>
            <param index="5">
              <value>
                <![CDATA[]]>
              </value>
            </param>
            <param index="6">
              <value>
                <![CDATA[]]>
              </value>
            </param>
            <param index="7">
              <value>
                <![CDATA[Test Analytics & AI Insights]]>
              </value>
            </param>
            <param index="8">
              <value>
                <![CDATA[Comment11]]>
              </value>
            </param>
            <param index="9">
              <value>
                <![CDATA[true]]>
              </value>
            </param>
            <param index="10">
              <value>
                <![CDATA[failure]]>
              </value>
            </param>
            <param index="11">
              <value>
                <![CDATA[This field is required.]]>
              </value>
            </param>
          </params>
          <reporter-output>
          </reporter-output>
        </test-method> <!-- testForm -->
        <test-method is-config="true" signature="tearDown()[pri:0, instance:assignment.RequestDemoTest@3c72f59f]" started-at="2025-06-17T12:26:29 ICT" name="tearDown" finished-at="2025-06-17T12:26:29 ICT" duration-ms="324" status="PASS">
          <reporter-output>
          </reporter-output>
        </test-method> <!-- tearDown -->
        <test-method is-config="true" signature="setUp()[pri:0, instance:assignment.RequestDemoTest@3c72f59f]" started-at="2025-06-17T12:26:29 ICT" name="setUp" finished-at="2025-06-17T12:26:35 ICT" duration-ms="5419" status="PASS">
          <reporter-output>
          </reporter-output>
        </test-method> <!-- setUp -->
        <test-method signature="testForm(java.lang.String,java.lang.String,java.lang.String,java.lang.String,java.lang.String,java.lang.String,java.lang.String,java.lang.String,java.lang.String,boolean,java.lang.String,java.lang.String)[pri:0, instance:assignment.RequestDemoTest@3c72f59f]" started-at="2025-06-17T12:26:35 ICT" name="testForm" data-provider="formData" finished-at="2025-06-17T12:26:57 ICT" duration-ms="22959" status="PASS">
          <params>
            <param index="0">
              <value>
                <![CDATA[haht@bfd.vn]]>
              </value>
            </param>
            <param index="1">
              <value>
                <![CDATA[Hoàng Thái]]>
              </value>
            </param>
            <param index="2">
              <value>
                <![CDATA[Hà]]>
              </value>
            </param>
            <param index="3">
              <value>
                <![CDATA[BFD.JSC]]>
              </value>
            </param>
            <param index="4">
              <value>
                <![CDATA[0904590446]]>
              </value>
            </param>
            <param index="5">
              <value>
                <![CDATA[Vietnam]]>
              </value>
            </param>
            <param index="6">
              <value>
                <![CDATA[]]>
              </value>
            </param>
            <param index="7">
              <value>
                <![CDATA[]]>
              </value>
            </param>
            <param index="8">
              <value>
                <![CDATA[Comment12]]>
              </value>
            </param>
            <param index="9">
              <value>
                <![CDATA[true]]>
              </value>
            </param>
            <param index="10">
              <value>
                <![CDATA[failure]]>
              </value>
            </param>
            <param index="11">
              <value>
                <![CDATA[This field is required.]]>
              </value>
            </param>
          </params>
          <reporter-output>
          </reporter-output>
        </test-method> <!-- testForm -->
        <test-method is-config="true" signature="tearDown()[pri:0, instance:assignment.RequestDemoTest@3c72f59f]" started-at="2025-06-17T12:26:57 ICT" name="tearDown" finished-at="2025-06-17T12:26:58 ICT" duration-ms="360" status="PASS">
          <reporter-output>
          </reporter-output>
        </test-method> <!-- tearDown -->
        <test-method is-config="true" signature="setUp()[pri:0, instance:assignment.RequestDemoTest@3c72f59f]" started-at="2025-06-17T12:26:58 ICT" name="setUp" finished-at="2025-06-17T12:27:04 ICT" duration-ms="5728" status="PASS">
          <reporter-output>
          </reporter-output>
        </test-method> <!-- setUp -->
        <test-method signature="testForm(java.lang.String,java.lang.String,java.lang.String,java.lang.String,java.lang.String,java.lang.String,java.lang.String,java.lang.String,java.lang.String,boolean,java.lang.String,java.lang.String)[pri:0, instance:assignment.RequestDemoTest@3c72f59f]" started-at="2025-06-17T12:27:04 ICT" name="testForm" data-provider="formData" finished-at="2025-06-17T12:27:14 ICT" duration-ms="10771" status="FAIL">
          <params>
            <param index="0">
              <value>
                <![CDATA[haht@bfd.vn]]>
              </value>
            </param>
            <param index="1">
              <value>
                <![CDATA[123]]>
              </value>
            </param>
            <param index="2">
              <value>
                <![CDATA[Hà]]>
              </value>
            </param>
            <param index="3">
              <value>
                <![CDATA[BFD.JSC]]>
              </value>
            </param>
            <param index="4">
              <value>
                <![CDATA[0904590447]]>
              </value>
            </param>
            <param index="5">
              <value>
                <![CDATA[Vietnam]]>
              </value>
            </param>
            <param index="6">
              <value>
                <![CDATA[]]>
              </value>
            </param>
            <param index="7">
              <value>
                <![CDATA[Test Analytics & AI Insights]]>
              </value>
            </param>
            <param index="8">
              <value>
                <![CDATA[Comment13]]>
              </value>
            </param>
            <param index="9">
              <value>
                <![CDATA[true]]>
              </value>
            </param>
            <param index="10">
              <value>
                <![CDATA[failure]]>
              </value>
            </param>
            <param index="11">
              <value>
                <![CDATA[This field is required.]]>
              </value>
            </param>
          </params>
          <exception class="java.lang.AssertionError">
            <message>
              <![CDATA[Form submitted or error message missing when it should have failed!]]>
            </message>
            <full-stacktrace>
              <![CDATA[java.lang.AssertionError: Form submitted or error message missing when it should have failed!
at org.testng.Assert.fail(Assert.java:111)
at assignment.RequestDemoTest.testForm(RequestDemoTest.java:165)
at java.base/jdk.internal.reflect.NativeMethodAccessorImpl.invoke0(Native Method)
at java.base/jdk.internal.reflect.NativeMethodAccessorImpl.invoke(NativeMethodAccessorImpl.java:77)
at java.base/jdk.internal.reflect.DelegatingMethodAccessorImpl.invoke(DelegatingMethodAccessorImpl.java:43)
at java.base/java.lang.reflect.Method.invoke(Method.java:568)
at org.testng.internal.invokers.MethodInvocationHelper.invokeMethod(MethodInvocationHelper.java:139)
at org.testng.internal.invokers.TestInvoker.invokeMethod(TestInvoker.java:664)
at org.testng.internal.invokers.TestInvoker.invokeTestMethod(TestInvoker.java:228)
at org.testng.internal.invokers.MethodRunner.runInSequence(MethodRunner.java:63)
at org.testng.internal.invokers.TestInvoker$MethodInvocationAgent.invoke(TestInvoker.java:961)
at org.testng.internal.invokers.TestInvoker.invokeTestMethods(TestInvoker.java:201)
at org.testng.internal.invokers.TestMethodWorker.invokeTestMethods(TestMethodWorker.java:148)
at org.testng.internal.invokers.TestMethodWorker.run(TestMethodWorker.java:128)
at java.base/java.util.ArrayList.forEach(ArrayList.java:1511)
at org.testng.TestRunner.privateRun(TestRunner.java:819)
at org.testng.TestRunner.run(TestRunner.java:619)
at org.testng.SuiteRunner.runTest(SuiteRunner.java:443)
at org.testng.SuiteRunner.runSequentially(SuiteRunner.java:437)
at org.testng.SuiteRunner.privateRun(SuiteRunner.java:397)
at org.testng.SuiteRunner.run(SuiteRunner.java:336)
at org.testng.SuiteRunnerWorker.runSuite(SuiteRunnerWorker.java:52)
at org.testng.SuiteRunnerWorker.run(SuiteRunnerWorker.java:95)
at org.testng.TestNG.runSuitesSequentially(TestNG.java:1301)
at org.testng.TestNG.runSuitesLocally(TestNG.java:1228)
at org.testng.TestNG.runSuites(TestNG.java:1134)
at org.testng.TestNG.run(TestNG.java:1101)
at org.apache.maven.surefire.testng.TestNGExecutor.run(TestNGExecutor.java:155)
at org.apache.maven.surefire.testng.TestNGDirectoryTestSuite.executeSingleClass(TestNGDirectoryTestSuite.java:102)
at org.apache.maven.surefire.testng.TestNGDirectoryTestSuite.execute(TestNGDirectoryTestSuite.java:91)
at org.apache.maven.surefire.testng.TestNGProvider.invoke(TestNGProvider.java:137)
at org.apache.maven.surefire.booter.ForkedBooter.runSuitesInProcess(ForkedBooter.java:385)
at org.apache.maven.surefire.booter.ForkedBooter.execute(ForkedBooter.java:162)
at org.apache.maven.surefire.booter.ForkedBooter.run(ForkedBooter.java:507)
at org.apache.maven.surefire.booter.ForkedBooter.main(ForkedBooter.java:495)
]]>
            </full-stacktrace>
          </exception> <!-- java.lang.AssertionError -->
          <reporter-output>
          </reporter-output>
        </test-method> <!-- testForm -->
        <test-method is-config="true" signature="tearDown()[pri:0, instance:assignment.RequestDemoTest@3c72f59f]" started-at="2025-06-17T12:27:14 ICT" name="tearDown" finished-at="2025-06-17T12:27:15 ICT" duration-ms="325" status="PASS">
          <reporter-output>
          </reporter-output>
        </test-method> <!-- tearDown -->
        <test-method is-config="true" signature="setUp()[pri:0, instance:assignment.RequestDemoTest@3c72f59f]" started-at="2025-06-17T12:27:15 ICT" name="setUp" finished-at="2025-06-17T12:27:22 ICT" duration-ms="7192" status="PASS">
          <reporter-output>
          </reporter-output>
        </test-method> <!-- setUp -->
        <test-method signature="testForm(java.lang.String,java.lang.String,java.lang.String,java.lang.String,java.lang.String,java.lang.String,java.lang.String,java.lang.String,java.lang.String,boolean,java.lang.String,java.lang.String)[pri:0, instance:assignment.RequestDemoTest@3c72f59f]" started-at="2025-06-17T12:27:22 ICT" name="testForm" data-provider="formData" finished-at="2025-06-17T12:27:44 ICT" duration-ms="21672" status="FAIL">
          <params>
            <param index="0">
              <value>
                <![CDATA[haht@bfd.vn]]>
              </value>
            </param>
            <param index="1">
              <value>
                <![CDATA[Hoàng Thái]]>
              </value>
            </param>
            <param index="2">
              <value>
                <![CDATA[123]]>
              </value>
            </param>
            <param index="3">
              <value>
                <![CDATA[BFD.JSC]]>
              </value>
            </param>
            <param index="4">
              <value>
                <![CDATA[0904590448]]>
              </value>
            </param>
            <param index="5">
              <value>
                <![CDATA[Vietnam]]>
              </value>
            </param>
            <param index="6">
              <value>
                <![CDATA[]]>
              </value>
            </param>
            <param index="7">
              <value>
                <![CDATA[Test Analytics & AI Insights]]>
              </value>
            </param>
            <param index="8">
              <value>
                <![CDATA[Comment14]]>
              </value>
            </param>
            <param index="9">
              <value>
                <![CDATA[true]]>
              </value>
            </param>
            <param index="10">
              <value>
                <![CDATA[failure]]>
              </value>
            </param>
            <param index="11">
              <value>
                <![CDATA[This field is required.]]>
              </value>
            </param>
          </params>
          <exception class="java.lang.AssertionError">
            <message>
              <![CDATA[Form submitted or error message missing when it should have failed!]]>
            </message>
            <full-stacktrace>
              <![CDATA[java.lang.AssertionError: Form submitted or error message missing when it should have failed!
at org.testng.Assert.fail(Assert.java:111)
at assignment.RequestDemoTest.testForm(RequestDemoTest.java:165)
at java.base/jdk.internal.reflect.NativeMethodAccessorImpl.invoke0(Native Method)
at java.base/jdk.internal.reflect.NativeMethodAccessorImpl.invoke(NativeMethodAccessorImpl.java:77)
at java.base/jdk.internal.reflect.DelegatingMethodAccessorImpl.invoke(DelegatingMethodAccessorImpl.java:43)
at java.base/java.lang.reflect.Method.invoke(Method.java:568)
at org.testng.internal.invokers.MethodInvocationHelper.invokeMethod(MethodInvocationHelper.java:139)
at org.testng.internal.invokers.TestInvoker.invokeMethod(TestInvoker.java:664)
at org.testng.internal.invokers.TestInvoker.invokeTestMethod(TestInvoker.java:228)
at org.testng.internal.invokers.MethodRunner.runInSequence(MethodRunner.java:63)
at org.testng.internal.invokers.TestInvoker$MethodInvocationAgent.invoke(TestInvoker.java:961)
at org.testng.internal.invokers.TestInvoker.invokeTestMethods(TestInvoker.java:201)
at org.testng.internal.invokers.TestMethodWorker.invokeTestMethods(TestMethodWorker.java:148)
at org.testng.internal.invokers.TestMethodWorker.run(TestMethodWorker.java:128)
at java.base/java.util.ArrayList.forEach(ArrayList.java:1511)
at org.testng.TestRunner.privateRun(TestRunner.java:819)
at org.testng.TestRunner.run(TestRunner.java:619)
at org.testng.SuiteRunner.runTest(SuiteRunner.java:443)
at org.testng.SuiteRunner.runSequentially(SuiteRunner.java:437)
at org.testng.SuiteRunner.privateRun(SuiteRunner.java:397)
at org.testng.SuiteRunner.run(SuiteRunner.java:336)
at org.testng.SuiteRunnerWorker.runSuite(SuiteRunnerWorker.java:52)
at org.testng.SuiteRunnerWorker.run(SuiteRunnerWorker.java:95)
at org.testng.TestNG.runSuitesSequentially(TestNG.java:1301)
at org.testng.TestNG.runSuitesLocally(TestNG.java:1228)
at org.testng.TestNG.runSuites(TestNG.java:1134)
at org.testng.TestNG.run(TestNG.java:1101)
at org.apache.maven.surefire.testng.TestNGExecutor.run(TestNGExecutor.java:155)
at org.apache.maven.surefire.testng.TestNGDirectoryTestSuite.executeSingleClass(TestNGDirectoryTestSuite.java:102)
at org.apache.maven.surefire.testng.TestNGDirectoryTestSuite.execute(TestNGDirectoryTestSuite.java:91)
at org.apache.maven.surefire.testng.TestNGProvider.invoke(TestNGProvider.java:137)
at org.apache.maven.surefire.booter.ForkedBooter.runSuitesInProcess(ForkedBooter.java:385)
at org.apache.maven.surefire.booter.ForkedBooter.execute(ForkedBooter.java:162)
at org.apache.maven.surefire.booter.ForkedBooter.run(ForkedBooter.java:507)
at org.apache.maven.surefire.booter.ForkedBooter.main(ForkedBooter.java:495)
]]>
            </full-stacktrace>
          </exception> <!-- java.lang.AssertionError -->
          <reporter-output>
          </reporter-output>
        </test-method> <!-- testForm -->
        <test-method is-config="true" signature="tearDown()[pri:0, instance:assignment.RequestDemoTest@3c72f59f]" started-at="2025-06-17T12:27:44 ICT" name="tearDown" finished-at="2025-06-17T12:27:44 ICT" duration-ms="347" status="PASS">
          <reporter-output>
          </reporter-output>
        </test-method> <!-- tearDown -->
        <test-method is-config="true" signature="setUp()[pri:0, instance:assignment.RequestDemoTest@3c72f59f]" started-at="2025-06-17T12:27:44 ICT" name="setUp" finished-at="2025-06-17T12:27:49 ICT" duration-ms="5582" status="PASS">
          <reporter-output>
          </reporter-output>
        </test-method> <!-- setUp -->
        <test-method signature="testForm(java.lang.String,java.lang.String,java.lang.String,java.lang.String,java.lang.String,java.lang.String,java.lang.String,java.lang.String,java.lang.String,boolean,java.lang.String,java.lang.String)[pri:0, instance:assignment.RequestDemoTest@3c72f59f]" started-at="2025-06-17T12:27:49 ICT" name="testForm" data-provider="formData" finished-at="2025-06-17T12:27:59 ICT" duration-ms="9049" status="FAIL">
          <params>
            <param index="0">
              <value>
                <![CDATA[haht@bfd.vn]]>
              </value>
            </param>
            <param index="1">
              <value>
                <![CDATA[Hoàng Thái]]>
              </value>
            </param>
            <param index="2">
              <value>
                <![CDATA[Hà]]>
              </value>
            </param>
            <param index="3">
              <value>
                <![CDATA[123]]>
              </value>
            </param>
            <param index="4">
              <value>
                <![CDATA[0904590449]]>
              </value>
            </param>
            <param index="5">
              <value>
                <![CDATA[Vietnam]]>
              </value>
            </param>
            <param index="6">
              <value>
                <![CDATA[]]>
              </value>
            </param>
            <param index="7">
              <value>
                <![CDATA[Test Analytics & AI Insights]]>
              </value>
            </param>
            <param index="8">
              <value>
                <![CDATA[Comment15]]>
              </value>
            </param>
            <param index="9">
              <value>
                <![CDATA[true]]>
              </value>
            </param>
            <param index="10">
              <value>
                <![CDATA[failure]]>
              </value>
            </param>
            <param index="11">
              <value>
                <![CDATA[This field is required.]]>
              </value>
            </param>
          </params>
          <exception class="java.lang.AssertionError">
            <message>
              <![CDATA[Form submitted or error message missing when it should have failed!]]>
            </message>
            <full-stacktrace>
              <![CDATA[java.lang.AssertionError: Form submitted or error message missing when it should have failed!
at org.testng.Assert.fail(Assert.java:111)
at assignment.RequestDemoTest.testForm(RequestDemoTest.java:165)
at jdk.internal.reflect.GeneratedMethodAccessor6.invoke(Unknown Source)
at java.base/jdk.internal.reflect.DelegatingMethodAccessorImpl.invoke(DelegatingMethodAccessorImpl.java:43)
at java.base/java.lang.reflect.Method.invoke(Method.java:568)
at org.testng.internal.invokers.MethodInvocationHelper.invokeMethod(MethodInvocationHelper.java:139)
at org.testng.internal.invokers.TestInvoker.invokeMethod(TestInvoker.java:664)
at org.testng.internal.invokers.TestInvoker.invokeTestMethod(TestInvoker.java:228)
at org.testng.internal.invokers.MethodRunner.runInSequence(MethodRunner.java:63)
at org.testng.internal.invokers.TestInvoker$MethodInvocationAgent.invoke(TestInvoker.java:961)
at org.testng.internal.invokers.TestInvoker.invokeTestMethods(TestInvoker.java:201)
at org.testng.internal.invokers.TestMethodWorker.invokeTestMethods(TestMethodWorker.java:148)
at org.testng.internal.invokers.TestMethodWorker.run(TestMethodWorker.java:128)
at java.base/java.util.ArrayList.forEach(ArrayList.java:1511)
at org.testng.TestRunner.privateRun(TestRunner.java:819)
at org.testng.TestRunner.run(TestRunner.java:619)
at org.testng.SuiteRunner.runTest(SuiteRunner.java:443)
at org.testng.SuiteRunner.runSequentially(SuiteRunner.java:437)
at org.testng.SuiteRunner.privateRun(SuiteRunner.java:397)
at org.testng.SuiteRunner.run(SuiteRunner.java:336)
at org.testng.SuiteRunnerWorker.runSuite(SuiteRunnerWorker.java:52)
at org.testng.SuiteRunnerWorker.run(SuiteRunnerWorker.java:95)
at org.testng.TestNG.runSuitesSequentially(TestNG.java:1301)
at org.testng.TestNG.runSuitesLocally(TestNG.java:1228)
at org.testng.TestNG.runSuites(TestNG.java:1134)
at org.testng.TestNG.run(TestNG.java:1101)
at org.apache.maven.surefire.testng.TestNGExecutor.run(TestNGExecutor.java:155)
at org.apache.maven.surefire.testng.TestNGDirectoryTestSuite.executeSingleClass(TestNGDirectoryTestSuite.java:102)
at org.apache.maven.surefire.testng.TestNGDirectoryTestSuite.execute(TestNGDirectoryTestSuite.java:91)
at org.apache.maven.surefire.testng.TestNGProvider.invoke(TestNGProvider.java:137)
at org.apache.maven.surefire.booter.ForkedBooter.runSuitesInProcess(ForkedBooter.java:385)
at org.apache.maven.surefire.booter.ForkedBooter.execute(ForkedBooter.java:162)
at org.apache.maven.surefire.booter.ForkedBooter.run(ForkedBooter.java:507)
at org.apache.maven.surefire.booter.ForkedBooter.main(ForkedBooter.java:495)
]]>
            </full-stacktrace>
          </exception> <!-- java.lang.AssertionError -->
          <reporter-output>
          </reporter-output>
        </test-method> <!-- testForm -->
        <test-method is-config="true" signature="tearDown()[pri:0, instance:assignment.RequestDemoTest@3c72f59f]" started-at="2025-06-17T12:27:59 ICT" name="tearDown" finished-at="2025-06-17T12:27:59 ICT" duration-ms="308" status="PASS">
          <reporter-output>
          </reporter-output>
        </test-method> <!-- tearDown -->
        <test-method is-config="true" signature="setUp()[pri:0, instance:assignment.RequestDemoTest@3c72f59f]" started-at="2025-06-17T12:27:59 ICT" name="setUp" finished-at="2025-06-17T12:28:04 ICT" duration-ms="5008" status="PASS">
          <reporter-output>
          </reporter-output>
        </test-method> <!-- setUp -->
        <test-method signature="testForm(java.lang.String,java.lang.String,java.lang.String,java.lang.String,java.lang.String,java.lang.String,java.lang.String,java.lang.String,java.lang.String,boolean,java.lang.String,java.lang.String)[pri:0, instance:assignment.RequestDemoTest@3c72f59f]" started-at="2025-06-17T12:28:04 ICT" name="testForm" data-provider="formData" finished-at="2025-06-17T12:28:27 ICT" duration-ms="22768" status="FAIL">
          <params>
            <param index="0">
              <value>
                <![CDATA[haht@bfd.vn]]>
              </value>
            </param>
            <param index="1">
              <value>
                <![CDATA[Hoàng Thái]]>
              </value>
            </param>
            <param index="2">
              <value>
                <![CDATA[Hà]]>
              </value>
            </param>
            <param index="3">
              <value>
                <![CDATA[BFD.JSC]]>
              </value>
            </param>
            <param index="4">
              <value>
                <![CDATA[0904]]>
              </value>
            </param>
            <param index="5">
              <value>
                <![CDATA[Vietnam]]>
              </value>
            </param>
            <param index="6">
              <value>
                <![CDATA[]]>
              </value>
            </param>
            <param index="7">
              <value>
                <![CDATA[Test Analytics & AI Insights]]>
              </value>
            </param>
            <param index="8">
              <value>
                <![CDATA[Comment16]]>
              </value>
            </param>
            <param index="9">
              <value>
                <![CDATA[true]]>
              </value>
            </param>
            <param index="10">
              <value>
                <![CDATA[failure]]>
              </value>
            </param>
            <param index="11">
              <value>
                <![CDATA[Must be a phone number.]]>
              </value>
            </param>
          </params>
          <exception class="java.lang.AssertionError">
            <message>
              <![CDATA[Form submitted or error message missing when it should have failed!]]>
            </message>
            <full-stacktrace>
              <![CDATA[java.lang.AssertionError: Form submitted or error message missing when it should have failed!
at org.testng.Assert.fail(Assert.java:111)
at assignment.RequestDemoTest.testForm(RequestDemoTest.java:165)
at jdk.internal.reflect.GeneratedMethodAccessor6.invoke(Unknown Source)
at java.base/jdk.internal.reflect.DelegatingMethodAccessorImpl.invoke(DelegatingMethodAccessorImpl.java:43)
at java.base/java.lang.reflect.Method.invoke(Method.java:568)
at org.testng.internal.invokers.MethodInvocationHelper.invokeMethod(MethodInvocationHelper.java:139)
at org.testng.internal.invokers.TestInvoker.invokeMethod(TestInvoker.java:664)
at org.testng.internal.invokers.TestInvoker.invokeTestMethod(TestInvoker.java:228)
at org.testng.internal.invokers.MethodRunner.runInSequence(MethodRunner.java:63)
at org.testng.internal.invokers.TestInvoker$MethodInvocationAgent.invoke(TestInvoker.java:961)
at org.testng.internal.invokers.TestInvoker.invokeTestMethods(TestInvoker.java:201)
at org.testng.internal.invokers.TestMethodWorker.invokeTestMethods(TestMethodWorker.java:148)
at org.testng.internal.invokers.TestMethodWorker.run(TestMethodWorker.java:128)
at java.base/java.util.ArrayList.forEach(ArrayList.java:1511)
at org.testng.TestRunner.privateRun(TestRunner.java:819)
at org.testng.TestRunner.run(TestRunner.java:619)
at org.testng.SuiteRunner.runTest(SuiteRunner.java:443)
at org.testng.SuiteRunner.runSequentially(SuiteRunner.java:437)
at org.testng.SuiteRunner.privateRun(SuiteRunner.java:397)
at org.testng.SuiteRunner.run(SuiteRunner.java:336)
at org.testng.SuiteRunnerWorker.runSuite(SuiteRunnerWorker.java:52)
at org.testng.SuiteRunnerWorker.run(SuiteRunnerWorker.java:95)
at org.testng.TestNG.runSuitesSequentially(TestNG.java:1301)
at org.testng.TestNG.runSuitesLocally(TestNG.java:1228)
at org.testng.TestNG.runSuites(TestNG.java:1134)
at org.testng.TestNG.run(TestNG.java:1101)
at org.apache.maven.surefire.testng.TestNGExecutor.run(TestNGExecutor.java:155)
at org.apache.maven.surefire.testng.TestNGDirectoryTestSuite.executeSingleClass(TestNGDirectoryTestSuite.java:102)
at org.apache.maven.surefire.testng.TestNGDirectoryTestSuite.execute(TestNGDirectoryTestSuite.java:91)
at org.apache.maven.surefire.testng.TestNGProvider.invoke(TestNGProvider.java:137)
at org.apache.maven.surefire.booter.ForkedBooter.runSuitesInProcess(ForkedBooter.java:385)
at org.apache.maven.surefire.booter.ForkedBooter.execute(ForkedBooter.java:162)
at org.apache.maven.surefire.booter.ForkedBooter.run(ForkedBooter.java:507)
at org.apache.maven.surefire.booter.ForkedBooter.main(ForkedBooter.java:495)
]]>
            </full-stacktrace>
          </exception> <!-- java.lang.AssertionError -->
          <reporter-output>
          </reporter-output>
        </test-method> <!-- testForm -->
        <test-method is-config="true" signature="tearDown()[pri:0, instance:assignment.RequestDemoTest@3c72f59f]" started-at="2025-06-17T12:28:27 ICT" name="tearDown" finished-at="2025-06-17T12:28:27 ICT" duration-ms="330" status="PASS">
          <reporter-output>
          </reporter-output>
        </test-method> <!-- tearDown -->
        <test-method is-config="true" signature="setUp()[pri:0, instance:assignment.RequestDemoTest@3c72f59f]" started-at="2025-06-17T12:28:27 ICT" name="setUp" finished-at="2025-06-17T12:28:36 ICT" duration-ms="8993" status="PASS">
          <reporter-output>
          </reporter-output>
        </test-method> <!-- setUp -->
        <test-method signature="testForm(java.lang.String,java.lang.String,java.lang.String,java.lang.String,java.lang.String,java.lang.String,java.lang.String,java.lang.String,java.lang.String,boolean,java.lang.String,java.lang.String)[pri:0, instance:assignment.RequestDemoTest@3c72f59f]" started-at="2025-06-17T12:28:36 ICT" name="testForm" data-provider="formData" finished-at="2025-06-17T12:28:49 ICT" duration-ms="13337" status="FAIL">
          <params>
            <param index="0">
              <value>
                <![CDATA[haht@bfd.vn]]>
              </value>
            </param>
            <param index="1">
              <value>
                <![CDATA[Hoàng Thái]]>
              </value>
            </param>
            <param index="2">
              <value>
                <![CDATA[Hà]]>
              </value>
            </param>
            <param index="3">
              <value>
                <![CDATA[BFD.JSC]]>
              </value>
            </param>
            <param index="4">
              <value>
                <![CDATA[09045904511]]>
              </value>
            </param>
            <param index="5">
              <value>
                <![CDATA[Vietnam]]>
              </value>
            </param>
            <param index="6">
              <value>
                <![CDATA[]]>
              </value>
            </param>
            <param index="7">
              <value>
                <![CDATA[Test Analytics & AI Insights]]>
              </value>
            </param>
            <param index="8">
              <value>
                <![CDATA[Comment17]]>
              </value>
            </param>
            <param index="9">
              <value>
                <![CDATA[true]]>
              </value>
            </param>
            <param index="10">
              <value>
                <![CDATA[failure]]>
              </value>
            </param>
            <param index="11">
              <value>
                <![CDATA[Must be a phone number.]]>
              </value>
            </param>
          </params>
          <exception class="java.lang.AssertionError">
            <message>
              <![CDATA[Form submitted or error message missing when it should have failed!]]>
            </message>
            <full-stacktrace>
              <![CDATA[java.lang.AssertionError: Form submitted or error message missing when it should have failed!
at org.testng.Assert.fail(Assert.java:111)
at assignment.RequestDemoTest.testForm(RequestDemoTest.java:165)
at jdk.internal.reflect.GeneratedMethodAccessor6.invoke(Unknown Source)
at java.base/jdk.internal.reflect.DelegatingMethodAccessorImpl.invoke(DelegatingMethodAccessorImpl.java:43)
at java.base/java.lang.reflect.Method.invoke(Method.java:568)
at org.testng.internal.invokers.MethodInvocationHelper.invokeMethod(MethodInvocationHelper.java:139)
at org.testng.internal.invokers.TestInvoker.invokeMethod(TestInvoker.java:664)
at org.testng.internal.invokers.TestInvoker.invokeTestMethod(TestInvoker.java:228)
at org.testng.internal.invokers.MethodRunner.runInSequence(MethodRunner.java:63)
at org.testng.internal.invokers.TestInvoker$MethodInvocationAgent.invoke(TestInvoker.java:961)
at org.testng.internal.invokers.TestInvoker.invokeTestMethods(TestInvoker.java:201)
at org.testng.internal.invokers.TestMethodWorker.invokeTestMethods(TestMethodWorker.java:148)
at org.testng.internal.invokers.TestMethodWorker.run(TestMethodWorker.java:128)
at java.base/java.util.ArrayList.forEach(ArrayList.java:1511)
at org.testng.TestRunner.privateRun(TestRunner.java:819)
at org.testng.TestRunner.run(TestRunner.java:619)
at org.testng.SuiteRunner.runTest(SuiteRunner.java:443)
at org.testng.SuiteRunner.runSequentially(SuiteRunner.java:437)
at org.testng.SuiteRunner.privateRun(SuiteRunner.java:397)
at org.testng.SuiteRunner.run(SuiteRunner.java:336)
at org.testng.SuiteRunnerWorker.runSuite(SuiteRunnerWorker.java:52)
at org.testng.SuiteRunnerWorker.run(SuiteRunnerWorker.java:95)
at org.testng.TestNG.runSuitesSequentially(TestNG.java:1301)
at org.testng.TestNG.runSuitesLocally(TestNG.java:1228)
at org.testng.TestNG.runSuites(TestNG.java:1134)
at org.testng.TestNG.run(TestNG.java:1101)
at org.apache.maven.surefire.testng.TestNGExecutor.run(TestNGExecutor.java:155)
at org.apache.maven.surefire.testng.TestNGDirectoryTestSuite.executeSingleClass(TestNGDirectoryTestSuite.java:102)
at org.apache.maven.surefire.testng.TestNGDirectoryTestSuite.execute(TestNGDirectoryTestSuite.java:91)
at org.apache.maven.surefire.testng.TestNGProvider.invoke(TestNGProvider.java:137)
at org.apache.maven.surefire.booter.ForkedBooter.runSuitesInProcess(ForkedBooter.java:385)
at org.apache.maven.surefire.booter.ForkedBooter.execute(ForkedBooter.java:162)
at org.apache.maven.surefire.booter.ForkedBooter.run(ForkedBooter.java:507)
at org.apache.maven.surefire.booter.ForkedBooter.main(ForkedBooter.java:495)
]]>
            </full-stacktrace>
          </exception> <!-- java.lang.AssertionError -->
          <reporter-output>
          </reporter-output>
        </test-method> <!-- testForm -->
        <test-method is-config="true" signature="tearDown()[pri:0, instance:assignment.RequestDemoTest@3c72f59f]" started-at="2025-06-17T12:28:49 ICT" name="tearDown" finished-at="2025-06-17T12:28:50 ICT" duration-ms="339" status="PASS">
          <reporter-output>
          </reporter-output>
        </test-method> <!-- tearDown -->
      </class> <!-- assignment.RequestDemoTest -->
    </test> <!-- Surefire test -->
  </suite> <!-- Surefire suite -->
</testng-results>
